Started GET "/" for 127.0.0.1 at 2018-11-09 14:24:11 -0500

PG::ConnectionBad - FATAL:  database "bench_bnb_development" does not exist
:

Started POST "/__better_errors/e5bef6fbbd3d4197/variables" for 127.0.0.1 at 2018-11-09 14:24:13 -0500
  [1m[35m (1202.6ms)[0m  [1m[35mCREATE DATABASE "bench_bnb_development" ENCODING = 'unicode'[0m
  ↳ bin/rails:9
  [1m[35m (256.4ms)[0m  [1m[35mCREATE DATABASE "bench_bnb_test" ENCODING = 'unicode'[0m
  ↳ bin/rails:9
  [1m[35m (505.8ms)[0m  [1m[35mCREATE TABLE "schema_migrations" ("version" character varying NOT NULL PRIMARY KEY)[0m
  ↳ bin/rails:9
  [1m[35m (6.3ms)[0m  [1m[35mCREATE TABLE "ar_internal_metadata" ("key" character varying NOT NULL PRIMARY KEY, "value" character varying, "created_at" timestamp NOT NULL, "updated_at" timestamp NOT NULL)[0m
  ↳ bin/rails:9
  [1m[35m (0.7ms)[0m  [1m[34mSELECT pg_try_advisory_lock(6802361601607853190)[0m
  ↳ bin/rails:9
  [1m[35m (34.2ms)[0m  [1m[34mSELECT "schema_migrations"."version" FROM "schema_migrations" ORDER BY "schema_migrations"."version" ASC[0m
  ↳ bin/rails:9
  [1m[36mActiveRecord::InternalMetadata Load (15.6ms)[0m  [1m[34mSELECT  "ar_internal_metadata".* FROM "ar_internal_metadata" WHERE "ar_internal_metadata"."key" = $1 LIMIT $2[0m  [["key", "environment"], ["LIMIT", 1]]
  ↳ bin/rails:9
  [1m[35m (0.3ms)[0m  [1m[35mBEGIN[0m
  ↳ bin/rails:9
  [1m[36mActiveRecord::InternalMetadata Create (75.0ms)[0m  [1m[32mINSERT INTO "ar_internal_metadata" ("key", "value", "created_at", "updated_at") VALUES ($1, $2, $3, $4) RETURNING "key"[0m  [["key", "environment"], ["value", "development"], ["created_at", "2018-11-09 19:25:03.487663"], ["updated_at", "2018-11-09 19:25:03.487663"]]
  ↳ bin/rails:9
  [1m[35m (5.7ms)[0m  [1m[35mCOMMIT[0m
  ↳ bin/rails:9
  [1m[35m (0.3ms)[0m  [1m[34mSELECT pg_advisory_unlock(6802361601607853190)[0m
  ↳ bin/rails:9
  [1m[35m (0.4ms)[0m  [1m[34mSELECT "schema_migrations"."version" FROM "schema_migrations" ORDER BY "schema_migrations"."version" ASC[0m
  ↳ bin/rails:9
Started GET "/" for 127.0.0.1 at 2018-11-09 14:25:27 -0500
Processing by StaticPagesController#root as HTML
  Rendering static_pages/root.html.erb within layouts/application
  Rendered static_pages/root.html.erb within layouts/application (9.3ms)
Completed 200 OK in 2251ms (Views: 2241.8ms | ActiveRecord: 0.0ms)


Started GET "/" for 127.0.0.1 at 2018-11-09 14:36:45 -0500
Processing by StaticPagesController#root as HTML
  Rendering static_pages/root.html.erb within layouts/application
  Rendered static_pages/root.html.erb within layouts/application (0.6ms)
Completed 200 OK in 150ms (Views: 145.4ms | ActiveRecord: 0.0ms)


Started GET "/" for 127.0.0.1 at 2018-11-09 14:36:57 -0500
Processing by StaticPagesController#root as HTML
  Rendering static_pages/root.html.erb within layouts/application
  Rendered static_pages/root.html.erb within layouts/application (0.7ms)
Completed 200 OK in 56ms (Views: 53.7ms | ActiveRecord: 0.0ms)


Started GET "/" for 127.0.0.1 at 2018-11-09 14:37:40 -0500
Processing by StaticPagesController#root as HTML
  Rendering static_pages/root.html.erb within layouts/application
  Rendered static_pages/root.html.erb within layouts/application (0.5ms)
Completed 200 OK in 404ms (Views: 400.8ms | ActiveRecord: 0.0ms)


  [1m[35m (0.4ms)[0m  [1m[34mSELECT pg_try_advisory_lock(6802361601607853190)[0m
  ↳ bin/rails:9
  [1m[35m (1.2ms)[0m  [1m[34mSELECT "schema_migrations"."version" FROM "schema_migrations" ORDER BY "schema_migrations"."version" ASC[0m
  ↳ bin/rails:9
Migrating to CreateUsers (20181109194512)
  [1m[35m (0.2ms)[0m  [1m[35mBEGIN[0m
  ↳ bin/rails:9
  [1m[35m (346.1ms)[0m  [1m[35mCREATE TABLE "users" ("id" bigserial primary key, "username" character varying NOT NULL, "password_digest" character varying NOT NULL, "session_token" character varying NOT NULL, "created_at" timestamp NOT NULL, "updated_at" timestamp NOT NULL)[0m
  ↳ db/migrate/20181109194512_create_users.rb:3
  [1m[35m (13.0ms)[0m  [1m[35mCREATE UNIQUE INDEX  "index_users_on_username" ON "users"  ("username")[0m
  ↳ db/migrate/20181109194512_create_users.rb:9
  [1m[35m (1.3ms)[0m  [1m[35mCREATE UNIQUE INDEX  "index_users_on_session_token" ON "users"  ("session_token")[0m
  ↳ db/migrate/20181109194512_create_users.rb:10
  [1m[36mActiveRecord::SchemaMigration Create (0.7ms)[0m  [1m[32mINSERT INTO "schema_migrations" ("version") VALUES ($1) RETURNING "version"[0m  [["version", "20181109194512"]]
  ↳ bin/rails:9
  [1m[35m (0.9ms)[0m  [1m[35mCOMMIT[0m
  ↳ bin/rails:9
  [1m[36mActiveRecord::InternalMetadata Load (25.4ms)[0m  [1m[34mSELECT  "ar_internal_metadata".* FROM "ar_internal_metadata" WHERE "ar_internal_metadata"."key" = $1 LIMIT $2[0m  [["key", "environment"], ["LIMIT", 1]]
  ↳ bin/rails:9
  [1m[35m (0.3ms)[0m  [1m[35mBEGIN[0m
  ↳ bin/rails:9
  [1m[35m (0.2ms)[0m  [1m[35mCOMMIT[0m
  ↳ bin/rails:9
  [1m[35m (0.3ms)[0m  [1m[34mSELECT pg_advisory_unlock(6802361601607853190)[0m
  ↳ bin/rails:9
  [1m[35m (0.4ms)[0m  [1m[34mSELECT "schema_migrations"."version" FROM "schema_migrations" ORDER BY "schema_migrations"."version" ASC[0m
  ↳ bin/rails:9
  [1m[35m (1.2ms)[0m  [1m[34mSELECT "schema_migrations"."version" FROM "schema_migrations" ORDER BY "schema_migrations"."version" ASC[0m
  ↳ /usr/local/var/rbenv/versions/2.5.1/bin/annotate:23
Started GET "/" for 127.0.0.1 at 2018-11-09 15:55:04 -0500
  [1m[35m (1.8ms)[0m  [1m[34mSELECT "schema_migrations"."version" FROM "schema_migrations" ORDER BY "schema_migrations"."version" ASC[0m
  ↳ /usr/local/var/rbenv/versions/2.5.1/lib/ruby/gems/2.5.0/gems/activerecord-5.2.1/lib/active_record/log_subscriber.rb:98
Processing by StaticPagesController#root as HTML
  Rendering static_pages/root.html.erb within layouts/application
  Rendered static_pages/root.html.erb within layouts/application (0.6ms)
Completed 200 OK in 391ms (Views: 381.9ms | ActiveRecord: 0.0ms)


Started POST "/api/users" for 127.0.0.1 at 2018-11-09 15:57:52 -0500
Processing by Api::UsersController#create as JSON
  Parameters: {"user"=>{"username"=>"tester", "password"=>"[FILTERED]"}}
Completed 500 Internal Server Error in 216ms (ActiveRecord: 0.0ms)



ArgumentError - Unknown key: :length. Valid keys are: :on, :if, :unless, :prepend. Perhaps you meant to call `validates` instead of `validate`?:
  app/models/user.rb:16:in `<class:User>'
  app/models/user.rb:13:in `<main>'
  app/controllers/api/users_controller.rb:4:in `create'

Started POST "/api/users" for 127.0.0.1 at 2018-11-09 15:59:29 -0500
Processing by Api::UsersController#create as JSON
  Parameters: {"user"=>{"username"=>"tester", "password"=>"[FILTERED]"}}
Completed 500 Internal Server Error in 77ms (ActiveRecord: 36.1ms)



NameError - uninitialized constant User::BCrpyt:
  app/models/user.rb:38:in `password='
  app/controllers/api/users_controller.rb:4:in `create'

Started GET "/" for 127.0.0.1 at 2018-11-09 16:01:05 -0500
  [1m[35m (1.1ms)[0m  [1m[34mSELECT "schema_migrations"."version" FROM "schema_migrations" ORDER BY "schema_migrations"."version" ASC[0m
  ↳ /usr/local/var/rbenv/versions/2.5.1/lib/ruby/gems/2.5.0/gems/activerecord-5.2.1/lib/active_record/log_subscriber.rb:98
Processing by StaticPagesController#root as HTML
  Rendering static_pages/root.html.erb within layouts/application
  Rendered static_pages/root.html.erb within layouts/application (2.0ms)
Completed 200 OK in 1748ms (Views: 1744.5ms | ActiveRecord: 0.0ms)


Started POST "/api/users" for 127.0.0.1 at 2018-11-09 16:01:13 -0500
Processing by Api::UsersController#create as JSON
  Parameters: {"user"=>{"username"=>"tester", "password"=>"[FILTERED]"}}
Completed 500 Internal Server Error in 38ms (ActiveRecord: 10.2ms)



NameError - uninitialized constant User::BCrpyt:
  app/models/user.rb:38:in `password='
  app/controllers/api/users_controller.rb:4:in `create'

Started GET "/" for 127.0.0.1 at 2018-11-09 16:02:31 -0500
Processing by StaticPagesController#root as HTML
  Rendering static_pages/root.html.erb within layouts/application
  Rendered static_pages/root.html.erb within layouts/application (0.4ms)
Completed 200 OK in 27ms (Views: 23.9ms | ActiveRecord: 0.0ms)


Started POST "/api/users" for 127.0.0.1 at 2018-11-09 16:02:37 -0500
Processing by Api::UsersController#create as JSON
  Parameters: {"user"=>{"username"=>"tester", "password"=>"[FILTERED]"}}
  [1m[35m (0.3ms)[0m  [1m[35mBEGIN[0m
  ↳ app/models/user.rb:43
  [1m[36mUser Exists (104.2ms)[0m  [1m[34mSELECT  1 AS one FROM "users" WHERE "users"."username" = $1 LIMIT $2[0m  [["username", "tester"], ["LIMIT", 1]]
  ↳ app/models/user.rb:43
  [1m[36mUser Exists (0.7ms)[0m  [1m[34mSELECT  1 AS one FROM "users" WHERE "users"."session_token" = $1 LIMIT $2[0m  [["session_token", "dSnHzbrb3C8k0dh1EXX1VA"], ["LIMIT", 1]]
  ↳ app/models/user.rb:43
  [1m[36mUser Create (1.2ms)[0m  [1m[32mINSERT INTO "users" ("username", "password_digest", "session_token", "created_at", "updated_at") VALUES ($1, $2, $3, $4, $5) RETURNING "id"[0m  [["username", "tester"], ["password_digest", "$2a$10$RNEVWXonYam4hKMFn4yHXeNEf1E4NP./WKjY3AMYlogAv0FHt3VAi"], ["session_token", "dSnHzbrb3C8k0dh1EXX1VA"], ["created_at", "2018-11-09 21:02:37.906521"], ["updated_at", "2018-11-09 21:02:37.906521"]]
  ↳ app/models/user.rb:43
  [1m[35m (30.4ms)[0m  [1m[35mCOMMIT[0m
  ↳ app/models/user.rb:43
  [1m[35m (0.4ms)[0m  [1m[35mBEGIN[0m
  ↳ app/controllers/api/users_controller.rb:5
  [1m[36mUser Exists (1.1ms)[0m  [1m[34mSELECT  1 AS one FROM "users" WHERE "users"."username" = $1 AND "users"."id" != $2 LIMIT $3[0m  [["username", "tester"], ["id", 1], ["LIMIT", 1]]
  ↳ app/controllers/api/users_controller.rb:5
  [1m[36mUser Exists (0.8ms)[0m  [1m[34mSELECT  1 AS one FROM "users" WHERE "users"."session_token" = $1 AND "users"."id" != $2 LIMIT $3[0m  [["session_token", "dSnHzbrb3C8k0dh1EXX1VA"], ["id", 1], ["LIMIT", 1]]
  ↳ app/controllers/api/users_controller.rb:5
  [1m[35m (0.3ms)[0m  [1m[35mCOMMIT[0m
  ↳ app/controllers/api/users_controller.rb:5
Completed 500 Internal Server Error in 620ms (ActiveRecord: 147.1ms)



NameError - undefined local variable or method `user' for #<Api::UsersController:0x00007faee9c48b38>
Did you mean?  @user:
  app/controllers/api/users_controller.rb:6:in `create'

Started GET "/" for 127.0.0.1 at 2018-11-09 16:03:11 -0500
Processing by StaticPagesController#root as HTML
  Rendering static_pages/root.html.erb within layouts/application
  Rendered static_pages/root.html.erb within layouts/application (0.4ms)
Completed 200 OK in 29ms (Views: 26.6ms | ActiveRecord: 0.0ms)


Started POST "/api/users" for 127.0.0.1 at 2018-11-09 16:03:15 -0500
Processing by Api::UsersController#create as JSON
  Parameters: {"user"=>{"username"=>"tester", "password"=>"[FILTERED]"}}
  [1m[35m (0.3ms)[0m  [1m[35mBEGIN[0m
  ↳ app/models/user.rb:43
  [1m[36mUser Exists (0.7ms)[0m  [1m[34mSELECT  1 AS one FROM "users" WHERE "users"."username" = $1 LIMIT $2[0m  [["username", "tester"], ["LIMIT", 1]]
  ↳ app/models/user.rb:43
  [1m[36mUser Exists (0.8ms)[0m  [1m[34mSELECT  1 AS one FROM "users" WHERE "users"."session_token" = $1 LIMIT $2[0m  [["session_token", "DFZsZpVKhWnla4SLKq546Q"], ["LIMIT", 1]]
  ↳ app/models/user.rb:43
  [1m[35m (0.3ms)[0m  [1m[31mROLLBACK[0m
  ↳ app/models/user.rb:43
Completed 422 Unprocessable Entity in 186ms (ActiveRecord: 9.5ms)



ActiveRecord::RecordInvalid - Validation failed: Username has already been taken:
  app/models/user.rb:43:in `ensure_session_token'
  app/controllers/api/users_controller.rb:4:in `create'

  [1m[36mUser Load (1.7ms)[0m  [1m[34mSELECT "users".* FROM "users"[0m
  [1m[35m (0.2ms)[0m  [1m[35mBEGIN[0m
  [1m[36mUser Exists (1.3ms)[0m  [1m[34mSELECT  1 AS one FROM "users" WHERE "users"."username" = $1 AND "users"."id" != $2 LIMIT $3[0m  [["username", "tester"], ["id", 1], ["LIMIT", 1]]
  [1m[36mUser Exists (0.5ms)[0m  [1m[34mSELECT  1 AS one FROM "users" WHERE "users"."session_token" = $1 AND "users"."id" != $2 LIMIT $3[0m  [["session_token", "dSnHzbrb3C8k0dh1EXX1VA"], ["id", 1], ["LIMIT", 1]]
  [1m[35m (0.2ms)[0m  [1m[35mCOMMIT[0m
  [1m[36mUser Load (0.8ms)[0m  [1m[34mSELECT "users".* FROM "users"[0m
  [1m[35m (0.2ms)[0m  [1m[35mBEGIN[0m
  [1m[36mUser Exists (0.6ms)[0m  [1m[34mSELECT  1 AS one FROM "users" WHERE "users"."username" = $1 AND "users"."id" != $2 LIMIT $3[0m  [["username", "tester"], ["id", 1], ["LIMIT", 1]]
  [1m[36mUser Exists (0.5ms)[0m  [1m[34mSELECT  1 AS one FROM "users" WHERE "users"."session_token" = $1 AND "users"."id" != $2 LIMIT $3[0m  [["session_token", "dSnHzbrb3C8k0dh1EXX1VA"], ["id", 1], ["LIMIT", 1]]
  [1m[35m (0.2ms)[0m  [1m[35mCOMMIT[0m
Started POST "/api/users" for 127.0.0.1 at 2018-11-09 16:05:26 -0500
Processing by Api::UsersController#create as JSON
  Parameters: {"user"=>{"username"=>"gregory", "password"=>"[FILTERED]"}}
  [1m[35m (0.2ms)[0m  [1m[35mBEGIN[0m
  ↳ app/models/user.rb:43
  [1m[36mUser Exists (0.7ms)[0m  [1m[34mSELECT  1 AS one FROM "users" WHERE "users"."username" = $1 LIMIT $2[0m  [["username", "gregory"], ["LIMIT", 1]]
  ↳ app/models/user.rb:43
  [1m[36mUser Exists (0.6ms)[0m  [1m[34mSELECT  1 AS one FROM "users" WHERE "users"."session_token" = $1 LIMIT $2[0m  [["session_token", "d2F8H55LeIZWew5q0yyyxw"], ["LIMIT", 1]]
  ↳ app/models/user.rb:43
  [1m[36mUser Create (0.5ms)[0m  [1m[32mINSERT INTO "users" ("username", "password_digest", "session_token", "created_at", "updated_at") VALUES ($1, $2, $3, $4, $5) RETURNING "id"[0m  [["username", "gregory"], ["password_digest", "$2a$10$oci7NZu8Ih2KdtvNjHszz.yYnlLbuHT2.RGXHuJQ4eqaWdR4TmKJO"], ["session_token", "d2F8H55LeIZWew5q0yyyxw"], ["created_at", "2018-11-09 21:05:26.810735"], ["updated_at", "2018-11-09 21:05:26.810735"]]
  ↳ app/models/user.rb:43
  [1m[35m (0.4ms)[0m  [1m[35mCOMMIT[0m
  ↳ app/models/user.rb:43
  [1m[35m (0.1ms)[0m  [1m[35mBEGIN[0m
  ↳ app/controllers/api/users_controller.rb:5
  [1m[36mUser Exists (0.5ms)[0m  [1m[34mSELECT  1 AS one FROM "users" WHERE "users"."username" = $1 AND "users"."id" != $2 LIMIT $3[0m  [["username", "gregory"], ["id", 2], ["LIMIT", 1]]
  ↳ app/controllers/api/users_controller.rb:5
  [1m[36mUser Exists (0.4ms)[0m  [1m[34mSELECT  1 AS one FROM "users" WHERE "users"."session_token" = $1 AND "users"."id" != $2 LIMIT $3[0m  [["session_token", "d2F8H55LeIZWew5q0yyyxw"], ["id", 2], ["LIMIT", 1]]
  ↳ app/controllers/api/users_controller.rb:5
  [1m[35m (0.2ms)[0m  [1m[35mCOMMIT[0m
  ↳ app/controllers/api/users_controller.rb:5
  Rendering api/users/show.json.jbuilder
  Rendered api/users/show.json.jbuilder (31.5ms)
Completed 500 Internal Server Error in 152ms (ActiveRecord: 3.8ms)



ActionView::MissingTemplate - Missing partial api/users/_show with {:locale=>[:en], :formats=>[:json], :variants=>[], :handlers=>[:jbuilder]}. Searched in:
  * "/Users/appacademy/Desktop/W7D5/bench_bnb/app/views"
:
  app/views/api/users/show.json.jbuilder:1:in `_app_views_api_users_show_json_jbuilder___3033345410799029844_70194655963280'
  app/controllers/api/users_controller.rb:7:in `create'

  [1m[36mUser Load (1.0ms)[0m  [1m[34mSELECT "users".* FROM "users"[0m
  [1m[35m (0.3ms)[0m  [1m[35mBEGIN[0m
  [1m[36mUser Exists (2.6ms)[0m  [1m[34mSELECT  1 AS one FROM "users" WHERE "users"."username" = $1 AND "users"."id" != $2 LIMIT $3[0m  [["username", "tester"], ["id", 1], ["LIMIT", 1]]
  [1m[36mUser Exists (0.5ms)[0m  [1m[34mSELECT  1 AS one FROM "users" WHERE "users"."session_token" = $1 AND "users"."id" != $2 LIMIT $3[0m  [["session_token", "dSnHzbrb3C8k0dh1EXX1VA"], ["id", 1], ["LIMIT", 1]]
  [1m[35m (0.2ms)[0m  [1m[35mCOMMIT[0m
  [1m[35m (0.2ms)[0m  [1m[35mBEGIN[0m
  [1m[36mUser Exists (0.5ms)[0m  [1m[34mSELECT  1 AS one FROM "users" WHERE "users"."username" = $1 AND "users"."id" != $2 LIMIT $3[0m  [["username", "gregory"], ["id", 2], ["LIMIT", 1]]
  [1m[36mUser Exists (0.4ms)[0m  [1m[34mSELECT  1 AS one FROM "users" WHERE "users"."session_token" = $1 AND "users"."id" != $2 LIMIT $3[0m  [["session_token", "d2F8H55LeIZWew5q0yyyxw"], ["id", 2], ["LIMIT", 1]]
  [1m[35m (0.2ms)[0m  [1m[35mCOMMIT[0m
Started POST "/api/users" for 127.0.0.1 at 2018-11-09 16:06:57 -0500
Processing by Api::UsersController#create as JSON
  Parameters: {"user"=>{"username"=>"aluminium", "password"=>"[FILTERED]"}}
  [1m[35m (0.3ms)[0m  [1m[35mBEGIN[0m
  ↳ app/models/user.rb:43
  [1m[36mUser Exists (0.5ms)[0m  [1m[34mSELECT  1 AS one FROM "users" WHERE "users"."username" = $1 LIMIT $2[0m  [["username", "aluminium"], ["LIMIT", 1]]
  ↳ app/models/user.rb:43
  [1m[36mUser Exists (0.5ms)[0m  [1m[34mSELECT  1 AS one FROM "users" WHERE "users"."session_token" = $1 LIMIT $2[0m  [["session_token", "0qe5MAaLUcmIsvyX-9pqWQ"], ["LIMIT", 1]]
  ↳ app/models/user.rb:43
  [1m[36mUser Create (0.7ms)[0m  [1m[32mINSERT INTO "users" ("username", "password_digest", "session_token", "created_at", "updated_at") VALUES ($1, $2, $3, $4, $5) RETURNING "id"[0m  [["username", "aluminium"], ["password_digest", "$2a$10$RKGaySbORprvpju6hqXCp.wixFzSwMQcFpt3hZq5zHepxktdzwske"], ["session_token", "0qe5MAaLUcmIsvyX-9pqWQ"], ["created_at", "2018-11-09 21:06:58.077964"], ["updated_at", "2018-11-09 21:06:58.077964"]]
  ↳ app/models/user.rb:43
  [1m[35m (0.6ms)[0m  [1m[35mCOMMIT[0m
  ↳ app/models/user.rb:43
  [1m[35m (0.3ms)[0m  [1m[35mBEGIN[0m
  ↳ app/controllers/api/users_controller.rb:5
  [1m[36mUser Exists (0.7ms)[0m  [1m[34mSELECT  1 AS one FROM "users" WHERE "users"."username" = $1 AND "users"."id" != $2 LIMIT $3[0m  [["username", "aluminium"], ["id", 3], ["LIMIT", 1]]
  ↳ app/controllers/api/users_controller.rb:5
  [1m[36mUser Exists (0.7ms)[0m  [1m[34mSELECT  1 AS one FROM "users" WHERE "users"."session_token" = $1 AND "users"."id" != $2 LIMIT $3[0m  [["session_token", "0qe5MAaLUcmIsvyX-9pqWQ"], ["id", 3], ["LIMIT", 1]]
  ↳ app/controllers/api/users_controller.rb:5
  [1m[35m (0.2ms)[0m  [1m[35mCOMMIT[0m
  ↳ app/controllers/api/users_controller.rb:5
  Rendering api/users/show.json.jbuilder
  Rendered api/users/_show.json.jbuilder (0.7ms)
  Rendered api/users/show.json.jbuilder (61.0ms)
Completed 200 OK in 161ms (Views: 69.1ms | ActiveRecord: 4.5ms)


Started POST "/api/session" for 127.0.0.1 at 2018-11-09 16:10:30 -0500
Processing by Api::SessionsController#create as JSON
  Parameters: {"user"=>{"username"=>"aluminium", "password"=>"[FILTERED]"}}
  [1m[36mUser Load (0.5ms)[0m  [1m[34mSELECT  "users".* FROM "users" WHERE "users"."session_token" = $1 LIMIT $2[0m  [["session_token", "uWifQxHrKoNow0sZaI8xUw"], ["LIMIT", 1]]
  ↳ app/controllers/application_controller.rb:6
Completed 500 Internal Server Error in 5ms (ActiveRecord: 0.8ms)



NoMethodError - undefined method `[]' for nil:NilClass:
  app/controllers/api/sessions_controller.rb:5:in `create'

Started GET "/" for 127.0.0.1 at 2018-11-09 16:12:14 -0500
Processing by StaticPagesController#root as HTML
  Rendering static_pages/root.html.erb within layouts/application
  Rendered static_pages/root.html.erb within layouts/application (0.4ms)
Completed 200 OK in 26ms (Views: 23.5ms | ActiveRecord: 0.0ms)


Started POST "/api/session" for 127.0.0.1 at 2018-11-09 16:12:17 -0500
Processing by Api::SessionsController#create as JSON
  Parameters: {"user"=>{"username"=>"aluminium", "password"=>"[FILTERED]"}}
Completed 500 Internal Server Error in 59ms (ActiveRecord: 3.8ms)



NoMethodError - undefined method `find_by_credentials' for #<Class:0x00007faee9c709d0>
Did you mean?  find_in_batches:
  app/controllers/api/sessions_controller.rb:4:in `create'

Started GET "/" for 127.0.0.1 at 2018-11-09 16:13:10 -0500
Processing by StaticPagesController#root as HTML
  Rendering static_pages/root.html.erb within layouts/application
  Rendered static_pages/root.html.erb within layouts/application (0.4ms)
Completed 200 OK in 25ms (Views: 22.3ms | ActiveRecord: 0.0ms)


Started POST "/api/session" for 127.0.0.1 at 2018-11-09 16:13:12 -0500
Processing by Api::SessionsController#create as JSON
  Parameters: {"user"=>{"username"=>"aluminium", "password"=>"[FILTERED]"}}
  [1m[36mUser Load (0.4ms)[0m  [1m[34mSELECT  "users".* FROM "users" WHERE "users"."username" = $1 LIMIT $2[0m  [["username", "aluminium"], ["LIMIT", 1]]
  ↳ app/models/user.rb:23
  [1m[35m (0.3ms)[0m  [1m[35mBEGIN[0m
  ↳ app/models/user.rb:43
  [1m[36mUser Exists (1.0ms)[0m  [1m[34mSELECT  1 AS one FROM "users" WHERE "users"."username" = $1 AND "users"."id" != $2 LIMIT $3[0m  [["username", "aluminium"], ["id", 3], ["LIMIT", 1]]
  ↳ app/models/user.rb:43
  [1m[36mUser Exists (4.1ms)[0m  [1m[34mSELECT  1 AS one FROM "users" WHERE "users"."session_token" = $1 AND "users"."id" != $2 LIMIT $3[0m  [["session_token", "0qe5MAaLUcmIsvyX-9pqWQ"], ["id", 3], ["LIMIT", 1]]
  ↳ app/models/user.rb:43
  [1m[35m (0.2ms)[0m  [1m[35mCOMMIT[0m
  ↳ app/models/user.rb:43
  Rendering api/users/show.json.jbuilder
  Rendered api/users/_show.json.jbuilder (0.5ms)
  Rendered api/users/show.json.jbuilder (10.6ms)
Completed 200 OK in 148ms (Views: 18.5ms | ActiveRecord: 12.7ms)


Started DELETE "/api/session" for 127.0.0.1 at 2018-11-09 16:13:28 -0500
Processing by Api::SessionsController#destroy as JSON
  Parameters: {"user"=>{"username"=>"aluminium", "password"=>"[FILTERED]"}}
  [1m[36mUser Load (0.5ms)[0m  [1m[34mSELECT  "users".* FROM "users" WHERE "users"."session_token" = $1 LIMIT $2[0m  [["session_token", "Ce_57Gy9LSbpzH0YfwFQLw"], ["LIMIT", 1]]
  ↳ app/controllers/application_controller.rb:6
  [1m[36mCACHE User Load (0.0ms)[0m  [1m[34mSELECT  "users".* FROM "users" WHERE "users"."session_token" = $1 LIMIT $2[0m  [["session_token", "Ce_57Gy9LSbpzH0YfwFQLw"], ["LIMIT", 1]]
  ↳ app/controllers/application_controller.rb:6
Completed 500 Internal Server Error in 5ms (ActiveRecord: 0.5ms)



NoMethodError - undefined method `errors' for nil:NilClass:
  app/controllers/api/sessions_controller.rb:17:in `destroy'

Started GET "/" for 127.0.0.1 at 2018-11-09 16:14:18 -0500
Processing by StaticPagesController#root as HTML
  Rendering static_pages/root.html.erb within layouts/application
  Rendered static_pages/root.html.erb within layouts/application (0.4ms)
Completed 200 OK in 29ms (Views: 26.2ms | ActiveRecord: 0.0ms)


Started DELETE "/api/session" for 127.0.0.1 at 2018-11-09 16:14:21 -0500
Processing by Api::SessionsController#destroy as JSON
  Parameters: {"user"=>{"username"=>"aluminium", "password"=>"[FILTERED]"}}
  [1m[36mUser Load (0.4ms)[0m  [1m[34mSELECT  "users".* FROM "users" WHERE "users"."session_token" = $1 LIMIT $2[0m  [["session_token", "Ce_57Gy9LSbpzH0YfwFQLw"], ["LIMIT", 1]]
  ↳ app/controllers/application_controller.rb:6
  [1m[36mCACHE User Load (0.0ms)[0m  [1m[34mSELECT  "users".* FROM "users" WHERE "users"."session_token" = $1 LIMIT $2[0m  [["session_token", "Ce_57Gy9LSbpzH0YfwFQLw"], ["LIMIT", 1]]
  ↳ app/controllers/application_controller.rb:6
Completed 500 Internal Server Error in 12ms (Views: 0.2ms | ActiveRecord: 3.1ms)



NoMethodError - undefined method `reset_session_token!' for nil:NilClass:
  app/controllers/application_controller.rb:22:in `logout!'
  app/controllers/api/sessions_controller.rb:18:in `destroy'

Started POST "/api/session" for 127.0.0.1 at 2018-11-09 16:15:29 -0500
Processing by Api::SessionsController#create as JSON
  Parameters: {"user"=>{"username"=>"gregory", "password"=>"[FILTERED]"}}
  [1m[36mUser Load (0.8ms)[0m  [1m[34mSELECT  "users".* FROM "users" WHERE "users"."username" = $1 LIMIT $2[0m  [["username", "gregory"], ["LIMIT", 1]]
  ↳ app/models/user.rb:23
  [1m[35m (0.3ms)[0m  [1m[35mBEGIN[0m
  ↳ app/models/user.rb:43
  [1m[36mUser Exists (0.6ms)[0m  [1m[34mSELECT  1 AS one FROM "users" WHERE "users"."username" = $1 AND "users"."id" != $2 LIMIT $3[0m  [["username", "gregory"], ["id", 2], ["LIMIT", 1]]
  ↳ app/models/user.rb:43
  [1m[36mUser Exists (1.0ms)[0m  [1m[34mSELECT  1 AS one FROM "users" WHERE "users"."session_token" = $1 AND "users"."id" != $2 LIMIT $3[0m  [["session_token", "d2F8H55LeIZWew5q0yyyxw"], ["id", 2], ["LIMIT", 1]]
  ↳ app/models/user.rb:43
  [1m[35m (0.2ms)[0m  [1m[35mCOMMIT[0m
  ↳ app/models/user.rb:43
  Rendering api/users/show.json.jbuilder
  Rendered api/users/_show.json.jbuilder (0.3ms)
  Rendered api/users/show.json.jbuilder (1.7ms)
Completed 200 OK in 103ms (Views: 10.4ms | ActiveRecord: 7.8ms)


Started DELETE "/api/session" for 127.0.0.1 at 2018-11-09 16:15:36 -0500
Processing by Api::SessionsController#destroy as JSON
  Parameters: {"user"=>{"username"=>"gregory", "password"=>"[FILTERED]"}}
  [1m[36mUser Load (0.6ms)[0m  [1m[34mSELECT  "users".* FROM "users" WHERE "users"."session_token" = $1 LIMIT $2[0m  [["session_token", "pXK6ARZ6ltcbzzMjDBr_Qg"], ["LIMIT", 1]]
  ↳ app/controllers/application_controller.rb:6
  [1m[36mCACHE User Load (0.0ms)[0m  [1m[34mSELECT  "users".* FROM "users" WHERE "users"."session_token" = $1 LIMIT $2[0m  [["session_token", "pXK6ARZ6ltcbzzMjDBr_Qg"], ["LIMIT", 1]]
  ↳ app/controllers/application_controller.rb:6
Completed 500 Internal Server Error in 6ms (Views: 0.4ms | ActiveRecord: 0.7ms)



NoMethodError - undefined method `reset_session_token!' for nil:NilClass:
  app/controllers/application_controller.rb:22:in `logout!'
  app/controllers/api/sessions_controller.rb:18:in `destroy'

Started GET "/" for 127.0.0.1 at 2018-11-09 16:16:30 -0500
Processing by StaticPagesController#root as HTML
  Rendering static_pages/root.html.erb within layouts/application
  Rendered static_pages/root.html.erb within layouts/application (0.5ms)
Completed 200 OK in 29ms (Views: 25.9ms | ActiveRecord: 0.0ms)


Started POST "/api/session" for 127.0.0.1 at 2018-11-09 16:16:35 -0500
Processing by Api::SessionsController#create as JSON
  Parameters: {"user"=>{"username"=>"gregory", "password"=>"[FILTERED]"}}
  [1m[36mUser Load (0.5ms)[0m  [1m[34mSELECT  "users".* FROM "users" WHERE "users"."username" = $1 LIMIT $2[0m  [["username", "gregory"], ["LIMIT", 1]]
  ↳ app/models/user.rb:23
  [1m[35m (0.3ms)[0m  [1m[35mBEGIN[0m
  ↳ app/models/user.rb:43
  [1m[36mUser Exists (0.6ms)[0m  [1m[34mSELECT  1 AS one FROM "users" WHERE "users"."username" = $1 AND "users"."id" != $2 LIMIT $3[0m  [["username", "gregory"], ["id", 2], ["LIMIT", 1]]
  ↳ app/models/user.rb:43
  [1m[36mUser Exists (0.5ms)[0m  [1m[34mSELECT  1 AS one FROM "users" WHERE "users"."session_token" = $1 AND "users"."id" != $2 LIMIT $3[0m  [["session_token", "d2F8H55LeIZWew5q0yyyxw"], ["id", 2], ["LIMIT", 1]]
  ↳ app/models/user.rb:43
  [1m[35m (0.2ms)[0m  [1m[35mCOMMIT[0m
  ↳ app/models/user.rb:43
  Rendering api/users/show.json.jbuilder
  Rendered api/users/_show.json.jbuilder (0.3ms)
  Rendered api/users/show.json.jbuilder (1.8ms)
Completed 200 OK in 110ms (Views: 10.5ms | ActiveRecord: 9.0ms)


Started DELETE "/api/session" for 127.0.0.1 at 2018-11-09 16:16:38 -0500
Processing by Api::SessionsController#destroy as JSON
  Parameters: {"user"=>{"username"=>"gregory", "password"=>"[FILTERED]"}}
  [1m[36mUser Load (0.6ms)[0m  [1m[34mSELECT  "users".* FROM "users" WHERE "users"."session_token" = $1 LIMIT $2[0m  [["session_token", "Pimj2NvpThj3tv2zec3U-g"], ["LIMIT", 1]]
  ↳ app/controllers/application_controller.rb:7
  [1m[36mCACHE User Load (0.0ms)[0m  [1m[34mSELECT  "users".* FROM "users" WHERE "users"."session_token" = $1 LIMIT $2[0m  [["session_token", "Pimj2NvpThj3tv2zec3U-g"], ["LIMIT", 1]]
  ↳ app/controllers/application_controller.rb:7
Completed 500 Internal Server Error in 6ms (Views: 0.2ms | ActiveRecord: 0.6ms)



NoMethodError - undefined method `reset_session_token!' for nil:NilClass:
  app/controllers/application_controller.rb:23:in `logout!'
  app/controllers/api/sessions_controller.rb:18:in `destroy'

Started POST "/api/users" for 127.0.0.1 at 2018-11-09 16:16:55 -0500
Processing by Api::UsersController#create as JSON
  Parameters: {"user"=>{"username"=>"aluminium", "password"=>"[FILTERED]"}}
  [1m[35m (0.2ms)[0m  [1m[35mBEGIN[0m
  ↳ app/models/user.rb:43
  [1m[36mUser Exists (0.5ms)[0m  [1m[34mSELECT  1 AS one FROM "users" WHERE "users"."username" = $1 LIMIT $2[0m  [["username", "aluminium"], ["LIMIT", 1]]
  ↳ app/models/user.rb:43
  [1m[36mUser Exists (0.4ms)[0m  [1m[34mSELECT  1 AS one FROM "users" WHERE "users"."session_token" = $1 LIMIT $2[0m  [["session_token", "Z4EQ9TF4hrIhGELqpP_aVw"], ["LIMIT", 1]]
  ↳ app/models/user.rb:43
  [1m[35m (0.2ms)[0m  [1m[31mROLLBACK[0m
  ↳ app/models/user.rb:43
Completed 422 Unprocessable Entity in 82ms (ActiveRecord: 1.4ms)



ActiveRecord::RecordInvalid - Validation failed: Username has already been taken:
  app/models/user.rb:43:in `ensure_session_token'
  app/controllers/api/users_controller.rb:4:in `create'

Started GET "/" for 127.0.0.1 at 2018-11-09 16:17:02 -0500
Processing by StaticPagesController#root as HTML
  Rendering static_pages/root.html.erb within layouts/application
  Rendered static_pages/root.html.erb within layouts/application (0.6ms)
Completed 200 OK in 39ms (Views: 36.2ms | ActiveRecord: 0.0ms)


Started POST "/api/users" for 127.0.0.1 at 2018-11-09 16:17:05 -0500
Processing by Api::UsersController#create as JSON
  Parameters: {"user"=>{"username"=>"aluminium", "password"=>"[FILTERED]"}}
  [1m[35m (0.3ms)[0m  [1m[35mBEGIN[0m
  ↳ app/models/user.rb:43
  [1m[36mUser Exists (0.6ms)[0m  [1m[34mSELECT  1 AS one FROM "users" WHERE "users"."username" = $1 LIMIT $2[0m  [["username", "aluminium"], ["LIMIT", 1]]
  ↳ app/models/user.rb:43
  [1m[36mUser Exists (0.5ms)[0m  [1m[34mSELECT  1 AS one FROM "users" WHERE "users"."session_token" = $1 LIMIT $2[0m  [["session_token", "dcNtehS4x-5XMtMwwZgptw"], ["LIMIT", 1]]
  ↳ app/models/user.rb:43
  [1m[35m (0.2ms)[0m  [1m[31mROLLBACK[0m
  ↳ app/models/user.rb:43
Completed 422 Unprocessable Entity in 87ms (ActiveRecord: 1.6ms)



ActiveRecord::RecordInvalid - Validation failed: Username has already been taken:
  app/models/user.rb:43:in `ensure_session_token'
  app/controllers/api/users_controller.rb:4:in `create'

  [1m[36mUser Load (1.2ms)[0m  [1m[34mSELECT "users".* FROM "users"[0m
  [1m[35m (0.4ms)[0m  [1m[35mBEGIN[0m
  [1m[36mUser Exists (1.3ms)[0m  [1m[34mSELECT  1 AS one FROM "users" WHERE "users"."username" = $1 AND "users"."id" != $2 LIMIT $3[0m  [["username", "tester"], ["id", 1], ["LIMIT", 1]]
  [1m[36mUser Exists (0.8ms)[0m  [1m[34mSELECT  1 AS one FROM "users" WHERE "users"."session_token" = $1 AND "users"."id" != $2 LIMIT $3[0m  [["session_token", "dSnHzbrb3C8k0dh1EXX1VA"], ["id", 1], ["LIMIT", 1]]
  [1m[35m (0.2ms)[0m  [1m[35mCOMMIT[0m
  [1m[35m (0.2ms)[0m  [1m[35mBEGIN[0m
  [1m[36mUser Exists (0.5ms)[0m  [1m[34mSELECT  1 AS one FROM "users" WHERE "users"."username" = $1 AND "users"."id" != $2 LIMIT $3[0m  [["username", "gregory"], ["id", 2], ["LIMIT", 1]]
  [1m[36mUser Exists (0.5ms)[0m  [1m[34mSELECT  1 AS one FROM "users" WHERE "users"."session_token" = $1 AND "users"."id" != $2 LIMIT $3[0m  [["session_token", "d2F8H55LeIZWew5q0yyyxw"], ["id", 2], ["LIMIT", 1]]
  [1m[35m (0.2ms)[0m  [1m[35mCOMMIT[0m
  [1m[35m (0.2ms)[0m  [1m[35mBEGIN[0m
  [1m[36mUser Exists (0.7ms)[0m  [1m[34mSELECT  1 AS one FROM "users" WHERE "users"."username" = $1 AND "users"."id" != $2 LIMIT $3[0m  [["username", "aluminium"], ["id", 3], ["LIMIT", 1]]
  [1m[36mUser Exists (0.6ms)[0m  [1m[34mSELECT  1 AS one FROM "users" WHERE "users"."session_token" = $1 AND "users"."id" != $2 LIMIT $3[0m  [["session_token", "0qe5MAaLUcmIsvyX-9pqWQ"], ["id", 3], ["LIMIT", 1]]
  [1m[35m (0.2ms)[0m  [1m[35mCOMMIT[0m
Started DELETE "/api/session" for 127.0.0.1 at 2018-11-09 16:17:53 -0500
Processing by Api::SessionsController#destroy as JSON
  Parameters: {"user"=>{"username"=>"gregory", "password"=>"[FILTERED]"}}
  [1m[36mUser Load (0.8ms)[0m  [1m[34mSELECT  "users".* FROM "users" WHERE "users"."session_token" = $1 LIMIT $2[0m  [["session_token", "Pimj2NvpThj3tv2zec3U-g"], ["LIMIT", 1]]
  ↳ app/controllers/application_controller.rb:7
  [1m[36mCACHE User Load (0.0ms)[0m  [1m[34mSELECT  "users".* FROM "users" WHERE "users"."session_token" = $1 LIMIT $2[0m  [["session_token", "Pimj2NvpThj3tv2zec3U-g"], ["LIMIT", 1]]
  ↳ app/controllers/application_controller.rb:7
Completed 500 Internal Server Error in 6ms (Views: 0.3ms | ActiveRecord: 0.8ms)



NoMethodError - undefined method `reset_session_token!' for nil:NilClass:
  app/controllers/application_controller.rb:23:in `logout!'
  app/controllers/api/sessions_controller.rb:18:in `destroy'

Started GET "/" for 127.0.0.1 at 2018-11-09 16:19:08 -0500
Processing by StaticPagesController#root as HTML
  Rendering static_pages/root.html.erb within layouts/application
  Rendered static_pages/root.html.erb within layouts/application (0.5ms)
Completed 200 OK in 27ms (Views: 24.6ms | ActiveRecord: 0.0ms)


Started DELETE "/api/session" for 127.0.0.1 at 2018-11-09 16:19:10 -0500
Processing by Api::SessionsController#destroy as JSON
  Parameters: {"user"=>{"username"=>"gregory", "password"=>"[FILTERED]"}}
  [1m[36mUser Load (0.6ms)[0m  [1m[34mSELECT  "users".* FROM "users" WHERE "users"."session_token" = $1 LIMIT $2[0m  [["session_token", "Pimj2NvpThj3tv2zec3U-g"], ["LIMIT", 1]]
  ↳ app/controllers/application_controller.rb:7
  [1m[36mCACHE User Load (0.1ms)[0m  [1m[34mSELECT  "users".* FROM "users" WHERE "users"."session_token" = $1 LIMIT $2[0m  [["session_token", "Pimj2NvpThj3tv2zec3U-g"], ["LIMIT", 1]]
  ↳ app/controllers/application_controller.rb:7
  [1m[36mCACHE User Load (0.0ms)[0m  [1m[34mSELECT  "users".* FROM "users" WHERE "users"."session_token" = $1 LIMIT $2[0m  [["session_token", "Pimj2NvpThj3tv2zec3U-g"], ["LIMIT", 1]]
  ↳ app/controllers/application_controller.rb:7
Completed 500 Internal Server Error in 103242ms (Views: 0.5ms | ActiveRecord: 3.7ms)


Started POST "/api/session" for 127.0.0.1 at 2018-11-09 16:20:53 -0500

NoMethodError - undefined method `reset_session_token!' for nil:NilClass:
  app/controllers/application_controller.rb:23:in `logout!'
  app/controllers/api/sessions_controller.rb:19:in `destroy'

Processing by Api::SessionsController#create as JSON
  Parameters: {"user"=>{"username"=>"gregory", "password"=>"[FILTERED]"}}
  [1m[36mUser Load (1.2ms)[0m  [1m[34mSELECT  "users".* FROM "users" WHERE "users"."username" = $1 LIMIT $2[0m  [["username", "gregory"], ["LIMIT", 1]]
  ↳ app/models/user.rb:23
  [1m[35m (0.2ms)[0m  [1m[35mBEGIN[0m
  ↳ app/models/user.rb:43
  [1m[36mUser Exists (1.0ms)[0m  [1m[34mSELECT  1 AS one FROM "users" WHERE "users"."username" = $1 AND "users"."id" != $2 LIMIT $3[0m  [["username", "gregory"], ["id", 2], ["LIMIT", 1]]
  ↳ app/models/user.rb:43
  [1m[36mUser Exists (0.5ms)[0m  [1m[34mSELECT  1 AS one FROM "users" WHERE "users"."session_token" = $1 AND "users"."id" != $2 LIMIT $3[0m  [["session_token", "d2F8H55LeIZWew5q0yyyxw"], ["id", 2], ["LIMIT", 1]]
  ↳ app/models/user.rb:43
  [1m[35m (0.3ms)[0m  [1m[35mCOMMIT[0m
  ↳ app/models/user.rb:43
  Rendering api/users/show.json.jbuilder
  Rendered api/users/_show.json.jbuilder (0.3ms)
  Rendered api/users/show.json.jbuilder (2.0ms)
Completed 200 OK in 123ms (Views: 13.9ms | ActiveRecord: 11.5ms)


Started POST "/api/session" for 127.0.0.1 at 2018-11-09 16:21:03 -0500
Processing by Api::SessionsController#create as JSON
  Parameters: {"user"=>{"username"=>"gregory", "password"=>"[FILTERED]"}}
  [1m[36mUser Load (1.0ms)[0m  [1m[34mSELECT  "users".* FROM "users" WHERE "users"."username" = $1 LIMIT $2[0m  [["username", "gregory"], ["LIMIT", 1]]
  ↳ app/models/user.rb:23
  [1m[35m (0.2ms)[0m  [1m[35mBEGIN[0m
  ↳ app/models/user.rb:43
  [1m[36mUser Exists (0.7ms)[0m  [1m[34mSELECT  1 AS one FROM "users" WHERE "users"."username" = $1 AND "users"."id" != $2 LIMIT $3[0m  [["username", "gregory"], ["id", 2], ["LIMIT", 1]]
  ↳ app/models/user.rb:43
  [1m[36mUser Exists (0.7ms)[0m  [1m[34mSELECT  1 AS one FROM "users" WHERE "users"."session_token" = $1 AND "users"."id" != $2 LIMIT $3[0m  [["session_token", "d2F8H55LeIZWew5q0yyyxw"], ["id", 2], ["LIMIT", 1]]
  ↳ app/models/user.rb:43
  [1m[35m (0.3ms)[0m  [1m[35mCOMMIT[0m
  ↳ app/models/user.rb:43
  Rendering api/users/show.json.jbuilder
  Rendered api/users/_show.json.jbuilder (0.2ms)
  Rendered api/users/show.json.jbuilder (1.6ms)
Completed 200 OK in 95ms (Views: 9.5ms | ActiveRecord: 2.9ms)


Started DELETE "/api/session" for 127.0.0.1 at 2018-11-09 16:21:12 -0500
Processing by Api::SessionsController#destroy as JSON
  Parameters: {"user"=>{"username"=>"gregory", "password"=>"[FILTERED]"}}
  [1m[36mUser Load (1.2ms)[0m  [1m[34mSELECT  "users".* FROM "users" WHERE "users"."session_token" = $1 LIMIT $2[0m  [["session_token", "KzMLUkhh1esPgldDt31QBQ"], ["LIMIT", 1]]
  ↳ app/controllers/application_controller.rb:7
  [1m[36mCACHE User Load (0.1ms)[0m  [1m[34mSELECT  "users".* FROM "users" WHERE "users"."session_token" = $1 LIMIT $2[0m  [["session_token", "KzMLUkhh1esPgldDt31QBQ"], ["LIMIT", 1]]
  ↳ app/controllers/application_controller.rb:7
  [1m[36mCACHE User Load (0.1ms)[0m  [1m[34mSELECT  "users".* FROM "users" WHERE "users"."session_token" = $1 LIMIT $2[0m  [["session_token", "KzMLUkhh1esPgldDt31QBQ"], ["LIMIT", 1]]
  ↳ app/controllers/application_controller.rb:7
Completed 500 Internal Server Error in 18344ms (Views: 0.4ms | ActiveRecord: 1.3ms)



NoMethodError - undefined method `reset_session_token!' for nil:NilClass:
  app/controllers/application_controller.rb:23:in `logout!'
  app/controllers/api/sessions_controller.rb:19:in `destroy'

Started DELETE "/api/session" for 127.0.0.1 at 2018-11-09 16:30:35 -0500
Processing by Api::SessionsController#destroy as JSON
  Parameters: {"user"=>{"username"=>"gregory", "password"=>"[FILTERED]"}}
  [1m[36mUser Load (0.8ms)[0m  [1m[34mSELECT  "users".* FROM "users" WHERE "users"."session_token" = $1 LIMIT $2[0m  [["session_token", "KzMLUkhh1esPgldDt31QBQ"], ["LIMIT", 1]]
  ↳ app/controllers/application_controller.rb:7
  [1m[36mCACHE User Load (0.0ms)[0m  [1m[34mSELECT  "users".* FROM "users" WHERE "users"."session_token" = $1 LIMIT $2[0m  [["session_token", "KzMLUkhh1esPgldDt31QBQ"], ["LIMIT", 1]]
  ↳ app/controllers/application_controller.rb:7
Completed 500 Internal Server Error in 985692ms (Views: 0.3ms | ActiveRecord: 7.3ms)



NoMethodError - undefined method `reset_session_token!' for nil:NilClass:
  app/controllers/application_controller.rb:23:in `logout!'
  app/controllers/api/sessions_controller.rb:19:in `destroy'

Started DELETE "/api/session" for 127.0.0.1 at 2018-11-09 16:49:00 -0500
Processing by Api::SessionsController#destroy as JSON
  [1m[36mUser Load (0.9ms)[0m  [1m[34mSELECT  "users".* FROM "users" WHERE "users"."session_token" = $1 LIMIT $2[0m  [["session_token", "KzMLUkhh1esPgldDt31QBQ"], ["LIMIT", 1]]
  ↳ app/controllers/application_controller.rb:7
  [1m[36mCACHE User Load (0.0ms)[0m  [1m[34mSELECT  "users".* FROM "users" WHERE "users"."session_token" = $1 LIMIT $2[0m  [["session_token", "KzMLUkhh1esPgldDt31QBQ"], ["LIMIT", 1]]
  ↳ app/controllers/application_controller.rb:7
Completed 500 Internal Server Error in 8937ms (Views: 0.3ms | ActiveRecord: 1.0ms)



NoMethodError - undefined method `reset_session_token!' for nil:NilClass:
  app/controllers/application_controller.rb:23:in `logout!'
  app/controllers/api/sessions_controller.rb:19:in `destroy'

Started POST "/api/session" for 127.0.0.1 at 2018-11-09 16:49:40 -0500
Processing by Api::SessionsController#create as JSON
  Parameters: {"user"=>{"username"=>"gregory", "password"=>"[FILTERED]"}}
  [1m[36mUser Load (0.5ms)[0m  [1m[34mSELECT  "users".* FROM "users" WHERE "users"."username" = $1 LIMIT $2[0m  [["username", "gregory"], ["LIMIT", 1]]
  ↳ app/models/user.rb:23
  [1m[35m (0.3ms)[0m  [1m[35mBEGIN[0m
  ↳ app/models/user.rb:43
  [1m[36mUser Exists (0.7ms)[0m  [1m[34mSELECT  1 AS one FROM "users" WHERE "users"."username" = $1 AND "users"."id" != $2 LIMIT $3[0m  [["username", "gregory"], ["id", 2], ["LIMIT", 1]]
  ↳ app/models/user.rb:43
  [1m[36mUser Exists (0.5ms)[0m  [1m[34mSELECT  1 AS one FROM "users" WHERE "users"."session_token" = $1 AND "users"."id" != $2 LIMIT $3[0m  [["session_token", "d2F8H55LeIZWew5q0yyyxw"], ["id", 2], ["LIMIT", 1]]
  ↳ app/models/user.rb:43
  [1m[35m (0.2ms)[0m  [1m[35mCOMMIT[0m
  ↳ app/models/user.rb:43
  Rendering api/users/show.json.jbuilder
  Rendered api/users/_show.json.jbuilder (0.4ms)
  Rendered api/users/show.json.jbuilder (1.8ms)
Completed 200 OK in 113ms (Views: 9.8ms | ActiveRecord: 8.3ms)


Started DELETE "/api/session" for 127.0.0.1 at 2018-11-09 16:49:51 -0500
Processing by Api::SessionsController#destroy as JSON
  [1m[36mUser Load (1.2ms)[0m  [1m[34mSELECT  "users".* FROM "users" WHERE "users"."session_token" = $1 LIMIT $2[0m  [["session_token", "LbMmqN-wuLTR9okiKNJWVw"], ["LIMIT", 1]]
  ↳ app/controllers/application_controller.rb:7
  [1m[36mCACHE User Load (0.0ms)[0m  [1m[34mSELECT  "users".* FROM "users" WHERE "users"."session_token" = $1 LIMIT $2[0m  [["session_token", "LbMmqN-wuLTR9okiKNJWVw"], ["LIMIT", 1]]
  ↳ app/controllers/application_controller.rb:7
Completed 500 Internal Server Error in 3944ms (Views: 0.4ms | ActiveRecord: 1.2ms)



NoMethodError - undefined method `reset_session_token!' for nil:NilClass:
  app/controllers/application_controller.rb:23:in `logout!'
  app/controllers/api/sessions_controller.rb:19:in `destroy'

Started DELETE "/api/session" for 127.0.0.1 at 2018-11-09 16:51:00 -0500
Processing by Api::SessionsController#destroy as JSON
  [1m[36mUser Load (0.7ms)[0m  [1m[34mSELECT  "users".* FROM "users" WHERE "users"."session_token" = $1 LIMIT $2[0m  [["session_token", "LbMmqN-wuLTR9okiKNJWVw"], ["LIMIT", 1]]
  ↳ app/controllers/application_controller.rb:7
  [1m[36mCACHE User Load (0.0ms)[0m  [1m[34mSELECT  "users".* FROM "users" WHERE "users"."session_token" = $1 LIMIT $2[0m  [["session_token", "LbMmqN-wuLTR9okiKNJWVw"], ["LIMIT", 1]]
  ↳ app/controllers/application_controller.rb:7
Completed 500 Internal Server Error in 12854ms (Views: 0.2ms | ActiveRecord: 0.7ms)



NoMethodError - undefined method `reset_session_token!' for nil:NilClass:
  app/controllers/application_controller.rb:23:in `logout!'
  app/controllers/api/sessions_controller.rb:19:in `destroy'

Started GET "/" for 127.0.0.1 at 2018-11-09 16:51:31 -0500
Processing by StaticPagesController#root as HTML
  Rendering static_pages/root.html.erb within layouts/application
  Rendered static_pages/root.html.erb within layouts/application (0.4ms)
Completed 200 OK in 188ms (Views: 186.0ms | ActiveRecord: 0.0ms)


Started POST "/api/session" for 127.0.0.1 at 2018-11-09 16:51:34 -0500
Processing by Api::SessionsController#create as JSON
  Parameters: {"user"=>{"username"=>"gregory", "password"=>"[FILTERED]"}}
  [1m[36mUser Load (0.5ms)[0m  [1m[34mSELECT  "users".* FROM "users" WHERE "users"."username" = $1 LIMIT $2[0m  [["username", "gregory"], ["LIMIT", 1]]
  ↳ app/models/user.rb:23
  [1m[35m (0.2ms)[0m  [1m[35mBEGIN[0m
  ↳ app/models/user.rb:43
  [1m[36mUser Exists (0.5ms)[0m  [1m[34mSELECT  1 AS one FROM "users" WHERE "users"."username" = $1 AND "users"."id" != $2 LIMIT $3[0m  [["username", "gregory"], ["id", 2], ["LIMIT", 1]]
  ↳ app/models/user.rb:43
  [1m[36mUser Exists (0.5ms)[0m  [1m[34mSELECT  1 AS one FROM "users" WHERE "users"."session_token" = $1 AND "users"."id" != $2 LIMIT $3[0m  [["session_token", "d2F8H55LeIZWew5q0yyyxw"], ["id", 2], ["LIMIT", 1]]
  ↳ app/models/user.rb:43
  [1m[35m (0.2ms)[0m  [1m[35mCOMMIT[0m
  ↳ app/models/user.rb:43
  Rendering api/users/show.json.jbuilder
  Rendered api/users/_show.json.jbuilder (0.4ms)
  Rendered api/users/show.json.jbuilder (2.6ms)
Completed 200 OK in 222ms (Views: 10.7ms | ActiveRecord: 9.4ms)


Started DELETE "/api/session" for 127.0.0.1 at 2018-11-09 16:51:37 -0500
Processing by Api::SessionsController#destroy as JSON
  [1m[36mUser Load (0.8ms)[0m  [1m[34mSELECT  "users".* FROM "users" WHERE "users"."session_token" = $1 LIMIT $2[0m  [["session_token", "zi-zq6Kpub9hFeSgsrlp7A"], ["LIMIT", 1]]
  ↳ app/controllers/application_controller.rb:7
  [1m[36mCACHE User Load (0.0ms)[0m  [1m[34mSELECT  "users".* FROM "users" WHERE "users"."session_token" = $1 LIMIT $2[0m  [["session_token", "zi-zq6Kpub9hFeSgsrlp7A"], ["LIMIT", 1]]
  ↳ app/controllers/application_controller.rb:7
Completed 500 Internal Server Error in 7096ms (Views: 0.3ms | ActiveRecord: 0.9ms)



NoMethodError - undefined method `reset_session_token!' for nil:NilClass:
  app/controllers/application_controller.rb:24:in `logout!'
  app/controllers/api/sessions_controller.rb:19:in `destroy'

Started DELETE "/api/session" for 127.0.0.1 at 2018-11-09 16:52:05 -0500
Processing by Api::SessionsController#destroy as JSON
  [1m[36mUser Load (1.0ms)[0m  [1m[34mSELECT  "users".* FROM "users" WHERE "users"."session_token" = $1 LIMIT $2[0m  [["session_token", "zi-zq6Kpub9hFeSgsrlp7A"], ["LIMIT", 1]]
  ↳ app/controllers/application_controller.rb:7
  [1m[36mCACHE User Load (0.1ms)[0m  [1m[34mSELECT  "users".* FROM "users" WHERE "users"."session_token" = $1 LIMIT $2[0m  [["session_token", "zi-zq6Kpub9hFeSgsrlp7A"], ["LIMIT", 1]]
  ↳ app/controllers/application_controller.rb:7
  [1m[36mCACHE User Load (0.0ms)[0m  [1m[34mSELECT  "users".* FROM "users" WHERE "users"."session_token" = $1 LIMIT $2[0m  [["session_token", "zi-zq6Kpub9hFeSgsrlp7A"], ["LIMIT", 1]]
  ↳ app/controllers/application_controller.rb:7
  [1m[36mCACHE User Load (0.0ms)[0m  [1m[34mSELECT  "users".* FROM "users" WHERE "users"."session_token" = $1 LIMIT $2[0m  [["session_token", "zi-zq6Kpub9hFeSgsrlp7A"], ["LIMIT", 1]]
Started GET "/" for 127.0.0.1 at 2018-11-09 16:53:39 -0500
  ↳ app/controllers/application_controller.rb:7
Completed 500 Internal Server Error in 94385ms (Views: 0.4ms | ActiveRecord: 1.1ms)



NoMethodError - undefined method `reset_session_token!' for nil:NilClass:
  app/controllers/application_controller.rb:24:in `logout!'
  app/controllers/api/sessions_controller.rb:19:in `destroy'

Processing by StaticPagesController#root as HTML
  Rendering static_pages/root.html.erb within layouts/application
  Rendered static_pages/root.html.erb within layouts/application (0.5ms)
Completed 200 OK in 308ms (Views: 304.7ms | ActiveRecord: 0.0ms)


Started GET "/" for 127.0.0.1 at 2018-11-09 16:53:42 -0500
Processing by StaticPagesController#root as HTML
  Rendering static_pages/root.html.erb within layouts/application
  Rendered static_pages/root.html.erb within layouts/application (0.6ms)
Completed 200 OK in 32ms (Views: 27.4ms | ActiveRecord: 0.0ms)


Started POST "/api/session" for 127.0.0.1 at 2018-11-09 16:53:45 -0500
Processing by Api::SessionsController#create as JSON
  Parameters: {"user"=>{"username"=>"gregory", "password"=>"[FILTERED]"}}
  [1m[36mUser Load (1.3ms)[0m  [1m[34mSELECT  "users".* FROM "users" WHERE "users"."username" = $1 LIMIT $2[0m  [["username", "gregory"], ["LIMIT", 1]]
  ↳ app/models/user.rb:23
  [1m[35m (0.4ms)[0m  [1m[35mBEGIN[0m
  ↳ app/models/user.rb:43
  [1m[36mUser Exists (1.0ms)[0m  [1m[34mSELECT  1 AS one FROM "users" WHERE "users"."username" = $1 AND "users"."id" != $2 LIMIT $3[0m  [["username", "gregory"], ["id", 2], ["LIMIT", 1]]
  ↳ app/models/user.rb:43
  [1m[36mUser Exists (1.0ms)[0m  [1m[34mSELECT  1 AS one FROM "users" WHERE "users"."session_token" = $1 AND "users"."id" != $2 LIMIT $3[0m  [["session_token", "d2F8H55LeIZWew5q0yyyxw"], ["id", 2], ["LIMIT", 1]]
  ↳ app/models/user.rb:43
  [1m[35m (1.4ms)[0m  [1m[35mCOMMIT[0m
  ↳ app/models/user.rb:43
  Rendering api/users/show.json.jbuilder
  Rendered api/users/_show.json.jbuilder (0.7ms)
  Rendered api/users/show.json.jbuilder (14.5ms)
Completed 200 OK in 227ms (Views: 42.7ms | ActiveRecord: 30.0ms)


Started DELETE "/api/session" for 127.0.0.1 at 2018-11-09 16:53:48 -0500
Processing by Api::SessionsController#destroy as JSON
  [1m[36mUser Load (0.5ms)[0m  [1m[34mSELECT  "users".* FROM "users" WHERE "users"."session_token" = $1 LIMIT $2[0m  [["session_token", "ZlooR6LRDQ4Y0Cfc0BWRrw"], ["LIMIT", 1]]
  ↳ app/controllers/application_controller.rb:7
  [1m[36mCACHE User Load (0.0ms)[0m  [1m[34mSELECT  "users".* FROM "users" WHERE "users"."session_token" = $1 LIMIT $2[0m  [["session_token", "ZlooR6LRDQ4Y0Cfc0BWRrw"], ["LIMIT", 1]]
  ↳ app/controllers/application_controller.rb:7
  [1m[36mCACHE User Load (0.1ms)[0m  [1m[34mSELECT  "users".* FROM "users" WHERE "users"."session_token" = $1 LIMIT $2[0m  [["session_token", "ZlooR6LRDQ4Y0Cfc0BWRrw"], ["LIMIT", 1]]
  ↳ app/controllers/application_controller.rb:7
Completed 404 Not Found in 13635ms (Views: 0.3ms | ActiveRecord: 0.6ms)


Started GET "/" for 127.0.0.1 at 2018-11-09 16:54:33 -0500
Processing by StaticPagesController#root as HTML
  Rendering static_pages/root.html.erb within layouts/application
  Rendered static_pages/root.html.erb within layouts/application (0.5ms)
Completed 200 OK in 78ms (Views: 75.4ms | ActiveRecord: 0.0ms)


Started POST "/api/session" for 127.0.0.1 at 2018-11-09 16:54:36 -0500
Processing by Api::SessionsController#create as JSON
  Parameters: {"user"=>{"username"=>"gregory", "password"=>"[FILTERED]"}}
  [1m[36mUser Load (0.6ms)[0m  [1m[34mSELECT  "users".* FROM "users" WHERE "users"."username" = $1 LIMIT $2[0m  [["username", "gregory"], ["LIMIT", 1]]
  ↳ app/models/user.rb:23
  [1m[35m (0.3ms)[0m  [1m[35mBEGIN[0m
  ↳ app/models/user.rb:43
  [1m[36mUser Exists (0.5ms)[0m  [1m[34mSELECT  1 AS one FROM "users" WHERE "users"."username" = $1 AND "users"."id" != $2 LIMIT $3[0m  [["username", "gregory"], ["id", 2], ["LIMIT", 1]]
  ↳ app/models/user.rb:43
  [1m[36mUser Exists (0.6ms)[0m  [1m[34mSELECT  1 AS one FROM "users" WHERE "users"."session_token" = $1 AND "users"."id" != $2 LIMIT $3[0m  [["session_token", "d2F8H55LeIZWew5q0yyyxw"], ["id", 2], ["LIMIT", 1]]
  ↳ app/models/user.rb:43
  [1m[35m (0.2ms)[0m  [1m[35mCOMMIT[0m
  ↳ app/models/user.rb:43
  Rendering api/users/show.json.jbuilder
  Rendered api/users/_show.json.jbuilder (0.7ms)
  Rendered api/users/show.json.jbuilder (17.9ms)
Completed 200 OK in 153ms (Views: 25.3ms | ActiveRecord: 11.1ms)


Started DELETE "/api/session" for 127.0.0.1 at 2018-11-09 16:54:39 -0500
Processing by Api::SessionsController#destroy as JSON
  [1m[36mUser Load (0.9ms)[0m  [1m[34mSELECT  "users".* FROM "users" WHERE "users"."session_token" = $1 LIMIT $2[0m  [["session_token", "TrTGx9XwZyuq7HufzeCgTg"], ["LIMIT", 1]]
  ↳ app/controllers/application_controller.rb:8
  [1m[36mCACHE User Load (0.0ms)[0m  [1m[34mSELECT  "users".* FROM "users" WHERE "users"."session_token" = $1 LIMIT $2[0m  [["session_token", "TrTGx9XwZyuq7HufzeCgTg"], ["LIMIT", 1]]
  ↳ app/controllers/application_controller.rb:8
  [1m[36mCACHE User Load (0.0ms)[0m  [1m[34mSELECT  "users".* FROM "users" WHERE "users"."session_token" = $1 LIMIT $2[0m  [["session_token", "TrTGx9XwZyuq7HufzeCgTg"], ["LIMIT", 1]]
  ↳ app/controllers/application_controller.rb:8
Completed 404 Not Found in 8185ms (Views: 0.3ms | ActiveRecord: 1.0ms)


Started GET "/" for 127.0.0.1 at 2018-11-09 16:55:12 -0500
Processing by StaticPagesController#root as HTML
  Rendering static_pages/root.html.erb within layouts/application
  Rendered static_pages/root.html.erb within layouts/application (0.7ms)
Completed 200 OK in 36ms (Views: 32.4ms | ActiveRecord: 0.0ms)


Started POST "/api/session" for 127.0.0.1 at 2018-11-09 16:55:15 -0500
Processing by Api::SessionsController#create as JSON
  Parameters: {"user"=>{"username"=>"gregory", "password"=>"[FILTERED]"}}
  [1m[36mUser Load (0.5ms)[0m  [1m[34mSELECT  "users".* FROM "users" WHERE "users"."username" = $1 LIMIT $2[0m  [["username", "gregory"], ["LIMIT", 1]]
  ↳ app/models/user.rb:23
  [1m[35m (0.2ms)[0m  [1m[35mBEGIN[0m
  ↳ app/models/user.rb:43
  [1m[36mUser Exists (0.9ms)[0m  [1m[34mSELECT  1 AS one FROM "users" WHERE "users"."username" = $1 AND "users"."id" != $2 LIMIT $3[0m  [["username", "gregory"], ["id", 2], ["LIMIT", 1]]
  ↳ app/models/user.rb:43
  [1m[36mUser Exists (0.5ms)[0m  [1m[34mSELECT  1 AS one FROM "users" WHERE "users"."session_token" = $1 AND "users"."id" != $2 LIMIT $3[0m  [["session_token", "d2F8H55LeIZWew5q0yyyxw"], ["id", 2], ["LIMIT", 1]]
  ↳ app/models/user.rb:43
  [1m[35m (0.2ms)[0m  [1m[35mCOMMIT[0m
  ↳ app/models/user.rb:43
  Rendering api/users/show.json.jbuilder
  Rendered api/users/_show.json.jbuilder (0.8ms)
  Rendered api/users/show.json.jbuilder (21.6ms)
Completed 200 OK in 116ms (Views: 29.3ms | ActiveRecord: 2.4ms)


Started DELETE "/api/session" for 127.0.0.1 at 2018-11-09 16:55:17 -0500
Processing by Api::SessionsController#destroy as JSON
  [1m[36mUser Load (1.0ms)[0m  [1m[34mSELECT "users".* FROM "users"[0m
  [1m[35m (0.4ms)[0m  [1m[35mBEGIN[0m
  [1m[36mUser Exists (1.7ms)[0m  [1m[34mSELECT  1 AS one FROM "users" WHERE "users"."username" = $1 AND "users"."id" != $2 LIMIT $3[0m  [["username", "tester"], ["id", 1], ["LIMIT", 1]]
  [1m[36mUser Exists (0.6ms)[0m  [1m[34mSELECT  1 AS one FROM "users" WHERE "users"."session_token" = $1 AND "users"."id" != $2 LIMIT $3[0m  [["session_token", "dSnHzbrb3C8k0dh1EXX1VA"], ["id", 1], ["LIMIT", 1]]
  [1m[35m (0.2ms)[0m  [1m[35mCOMMIT[0m
  [1m[35m (0.2ms)[0m  [1m[35mBEGIN[0m
  [1m[36mUser Exists (0.5ms)[0m  [1m[34mSELECT  1 AS one FROM "users" WHERE "users"."username" = $1 AND "users"."id" != $2 LIMIT $3[0m  [["username", "gregory"], ["id", 2], ["LIMIT", 1]]
  [1m[36mUser Exists (0.5ms)[0m  [1m[34mSELECT  1 AS one FROM "users" WHERE "users"."session_token" = $1 AND "users"."id" != $2 LIMIT $3[0m  [["session_token", "d2F8H55LeIZWew5q0yyyxw"], ["id", 2], ["LIMIT", 1]]
  [1m[35m (0.2ms)[0m  [1m[35mCOMMIT[0m
  [1m[35m (0.2ms)[0m  [1m[35mBEGIN[0m
  [1m[36mUser Exists (0.5ms)[0m  [1m[34mSELECT  1 AS one FROM "users" WHERE "users"."username" = $1 AND "users"."id" != $2 LIMIT $3[0m  [["username", "aluminium"], ["id", 3], ["LIMIT", 1]]
  [1m[36mUser Exists (0.5ms)[0m  [1m[34mSELECT  1 AS one FROM "users" WHERE "users"."session_token" = $1 AND "users"."id" != $2 LIMIT $3[0m  [["session_token", "0qe5MAaLUcmIsvyX-9pqWQ"], ["id", 3], ["LIMIT", 1]]
  [1m[35m (0.3ms)[0m  [1m[35mCOMMIT[0m
  [1m[36mUser Load (0.6ms)[0m  [1m[34mSELECT  "users".* FROM "users" WHERE "users"."session_token" = $1 LIMIT $2[0m  [["session_token", "Z0WA1PfZbTIpXaNGqJMAJg"], ["LIMIT", 1]]
  [1m[36mUser Load (2.0ms)[0m  [1m[34mSELECT  "users".* FROM "users" WHERE "users"."session_token" = $1 LIMIT $2[0m  [["session_token", "Z0WA1PfZbTIpXaNGqJMAJg"], ["LIMIT", 1]]
  ↳ app/controllers/application_controller.rb:8
  [1m[36mCACHE User Load (0.0ms)[0m  [1m[34mSELECT  "users".* FROM "users" WHERE "users"."session_token" = $1 LIMIT $2[0m  [["session_token", "Z0WA1PfZbTIpXaNGqJMAJg"], ["LIMIT", 1]]
  ↳ app/controllers/application_controller.rb:8
Completed 404 Not Found in 336800ms (Views: 0.3ms | ActiveRecord: 2.1ms)


Started GET "/" for 127.0.0.1 at 2018-11-09 17:00:56 -0500
Processing by StaticPagesController#root as HTML
  Rendering static_pages/root.html.erb within layouts/application
  Rendered static_pages/root.html.erb within layouts/application (0.5ms)
Completed 200 OK in 84ms (Views: 81.3ms | ActiveRecord: 0.0ms)


Started POST "/api/session" for 127.0.0.1 at 2018-11-09 17:01:01 -0500
Processing by Api::SessionsController#create as JSON
  Parameters: {"user"=>{"username"=>"gregory", "password"=>"[FILTERED]"}}
  [1m[36mUser Load (0.7ms)[0m  [1m[34mSELECT  "users".* FROM "users" WHERE "users"."username" = $1 LIMIT $2[0m  [["username", "gregory"], ["LIMIT", 1]]
  ↳ app/models/user.rb:23
  [1m[35m (0.4ms)[0m  [1m[35mBEGIN[0m
  ↳ app/models/user.rb:43
  [1m[36mUser Exists (0.6ms)[0m  [1m[34mSELECT  1 AS one FROM "users" WHERE "users"."username" = $1 AND "users"."id" != $2 LIMIT $3[0m  [["username", "gregory"], ["id", 2], ["LIMIT", 1]]
  ↳ app/models/user.rb:43
  [1m[36mUser Exists (0.8ms)[0m  [1m[34mSELECT  1 AS one FROM "users" WHERE "users"."session_token" = $1 AND "users"."id" != $2 LIMIT $3[0m  [["session_token", "d2F8H55LeIZWew5q0yyyxw"], ["id", 2], ["LIMIT", 1]]
  ↳ app/models/user.rb:43
  [1m[35m (0.3ms)[0m  [1m[35mCOMMIT[0m
  ↳ app/models/user.rb:43
  Rendering api/users/show.json.jbuilder
  Rendered api/users/_show.json.jbuilder (0.5ms)
  Rendered api/users/show.json.jbuilder (14.4ms)
Completed 200 OK in 150ms (Views: 22.4ms | ActiveRecord: 11.1ms)


Started DELETE "/api/session" for 127.0.0.1 at 2018-11-09 17:01:06 -0500
Processing by Api::SessionsController#destroy as JSON
  [1m[36mUser Load (3.6ms)[0m  [1m[34mSELECT  "users".* FROM "users" WHERE "users"."session_token" = $1 LIMIT $2[0m  [["session_token", "ZOEFoJdgszG7aUTSZeNK7g"], ["LIMIT", 1]]
  ↳ app/controllers/application_controller.rb:9
  [1m[36mCACHE User Load (0.1ms)[0m  [1m[34mSELECT  "users".* FROM "users" WHERE "users"."session_token" = $1 LIMIT $2[0m  [["session_token", "ZOEFoJdgszG7aUTSZeNK7g"], ["LIMIT", 1]]
  ↳ app/controllers/application_controller.rb:9
  [1m[36mCACHE User Load (0.0ms)[0m  [1m[34mSELECT  "users".* FROM "users" WHERE "users"."session_token" = $1 LIMIT $2[0m  [["session_token", "ZOEFoJdgszG7aUTSZeNK7g"], ["LIMIT", 1]]
  ↳ app/controllers/application_controller.rb:9
  [1m[36mCACHE User Load (0.1ms)[0m  [1m[34mSELECT  "users".* FROM "users" WHERE "users"."session_token" = $1 LIMIT $2[0m  [["session_token", "ZOEFoJdgszG7aUTSZeNK7g"], ["LIMIT", 1]]
  ↳ app/controllers/application_controller.rb:9
Completed 404 Not Found in 74720ms (Views: 0.4ms | ActiveRecord: 3.8ms)


Started DELETE "/api/session" for 127.0.0.1 at 2018-11-09 17:03:51 -0500
Processing by Api::SessionsController#destroy as JSON
  Parameters: {"user"=>{"username"=>"gregory", "password"=>"[FILTERED]"}}
  [1m[36mUser Load (1.5ms)[0m  [1m[34mSELECT  "users".* FROM "users" WHERE "users"."session_token" = $1 LIMIT $2[0m  [["session_token", "ZOEFoJdgszG7aUTSZeNK7g"], ["LIMIT", 1]]
  ↳ app/controllers/application_controller.rb:9
  [1m[36mCACHE User Load (0.0ms)[0m  [1m[34mSELECT  "users".* FROM "users" WHERE "users"."session_token" = $1 LIMIT $2[0m  [["session_token", "ZOEFoJdgszG7aUTSZeNK7g"], ["LIMIT", 1]]
  ↳ app/controllers/application_controller.rb:9
  [1m[36mCACHE User Load (0.0ms)[0m  [1m[34mSELECT  "users".* FROM "users" WHERE "users"."session_token" = $1 LIMIT $2[0m  [["session_token", "ZOEFoJdgszG7aUTSZeNK7g"], ["LIMIT", 1]]
  ↳ app/controllers/application_controller.rb:9
  [1m[36mCACHE User Load (0.1ms)[0m  [1m[34mSELECT  "users".* FROM "users" WHERE "users"."session_token" = $1 LIMIT $2[0m  [["session_token", "ZOEFoJdgszG7aUTSZeNK7g"], ["LIMIT", 1]]
Started GET "/" for 127.0.0.1 at 2018-11-09 17:05:23 -0500
  ↳ app/controllers/application_controller.rb:9
Completed 404 Not Found in 92190ms (Views: 0.2ms | ActiveRecord: 1.6ms)


Processing by StaticPagesController#root as HTML
  Rendering static_pages/root.html.erb within layouts/application
  Rendered static_pages/root.html.erb within layouts/application (0.6ms)
Completed 200 OK in 106ms (Views: 102.7ms | ActiveRecord: 0.0ms)


Started POST "/api/session" for 127.0.0.1 at 2018-11-09 17:05:31 -0500
Processing by Api::SessionsController#create as JSON
  Parameters: {"user"=>{"username"=>"gregory", "password"=>"[FILTERED]"}}
  [1m[36mUser Load (1.4ms)[0m  [1m[34mSELECT  "users".* FROM "users" WHERE "users"."username" = $1 LIMIT $2[0m  [["username", "gregory"], ["LIMIT", 1]]
  ↳ app/models/user.rb:23
  [1m[35m (0.3ms)[0m  [1m[35mBEGIN[0m
  ↳ app/models/user.rb:43
  [1m[36mUser Exists (3.0ms)[0m  [1m[34mSELECT  1 AS one FROM "users" WHERE "users"."username" = $1 AND "users"."id" != $2 LIMIT $3[0m  [["username", "gregory"], ["id", 2], ["LIMIT", 1]]
  ↳ app/models/user.rb:43
  [1m[36mUser Exists (1.0ms)[0m  [1m[34mSELECT  1 AS one FROM "users" WHERE "users"."session_token" = $1 AND "users"."id" != $2 LIMIT $3[0m  [["session_token", "d2F8H55LeIZWew5q0yyyxw"], ["id", 2], ["LIMIT", 1]]
  ↳ app/models/user.rb:43
  [1m[35m (0.5ms)[0m  [1m[35mCOMMIT[0m
  ↳ app/models/user.rb:43
  Rendering api/users/show.json.jbuilder
  Rendered api/users/_show.json.jbuilder (0.5ms)
  Rendered api/users/show.json.jbuilder (32.8ms)
Completed 200 OK in 15925ms (Views: 43.9ms | ActiveRecord: 28.8ms)


Started DELETE "/api/session" for 127.0.0.1 at 2018-11-09 17:05:55 -0500
Processing by Api::SessionsController#destroy as JSON
  [1m[36mUser Load (0.6ms)[0m  [1m[34mSELECT  "users".* FROM "users" WHERE "users"."session_token" = $1 LIMIT $2[0m  [["session_token", "q2o9_1p2xPpA7zKFz5vGTg"], ["LIMIT", 1]]
  ↳ app/controllers/application_controller.rb:9
  [1m[36mCACHE User Load (0.1ms)[0m  [1m[34mSELECT  "users".* FROM "users" WHERE "users"."session_token" = $1 LIMIT $2[0m  [["session_token", "q2o9_1p2xPpA7zKFz5vGTg"], ["LIMIT", 1]]
  ↳ app/controllers/application_controller.rb:9
Completed 304 Not Modified in 39232ms (Views: 0.5ms | ActiveRecord: 0.7ms)


Started GET "/" for 127.0.0.1 at 2018-11-09 17:11:20 -0500
Processing by StaticPagesController#root as HTML
  Rendering static_pages/root.html.erb within layouts/application
  Rendered static_pages/root.html.erb within layouts/application (0.4ms)
Completed 200 OK in 110ms (Views: 108.1ms | ActiveRecord: 0.0ms)


Started POST "/api/session" for 127.0.0.1 at 2018-11-09 17:11:26 -0500
Processing by Api::SessionsController#create as JSON
  Parameters: {"user"=>{"username"=>"gregory", "password"=>"[FILTERED]"}}
  [1m[36mUser Load (0.5ms)[0m  [1m[34mSELECT  "users".* FROM "users" WHERE "users"."username" = $1 LIMIT $2[0m  [["username", "gregory"], ["LIMIT", 1]]
  ↳ app/models/user.rb:23
  [1m[35m (0.3ms)[0m  [1m[35mBEGIN[0m
  ↳ app/models/user.rb:43
  [1m[36mUser Exists (0.7ms)[0m  [1m[34mSELECT  1 AS one FROM "users" WHERE "users"."username" = $1 AND "users"."id" != $2 LIMIT $3[0m  [["username", "gregory"], ["id", 2], ["LIMIT", 1]]
  ↳ app/models/user.rb:43
  [1m[36mUser Exists (0.5ms)[0m  [1m[34mSELECT  1 AS one FROM "users" WHERE "users"."session_token" = $1 AND "users"."id" != $2 LIMIT $3[0m  [["session_token", "d2F8H55LeIZWew5q0yyyxw"], ["id", 2], ["LIMIT", 1]]
  ↳ app/models/user.rb:43
  [1m[35m (0.2ms)[0m  [1m[35mCOMMIT[0m
  ↳ app/models/user.rb:43
  Rendering api/users/show.json.jbuilder
  Rendered api/users/_show.json.jbuilder (0.7ms)
  Rendered api/users/show.json.jbuilder (23.2ms)
Completed 200 OK in 14300ms (Views: 33.7ms | ActiveRecord: 9.9ms)


Started DELETE "/api/session" for 127.0.0.1 at 2018-11-09 17:11:44 -0500
Processing by Api::SessionsController#destroy as JSON
  [1m[36mUser Load (0.9ms)[0m  [1m[34mSELECT  "users".* FROM "users" WHERE "users"."session_token" = $1 LIMIT $2[0m  [["session_token", "niVPNcRZeSkOxe7oxurrOQ"], ["LIMIT", 1]]
  ↳ app/controllers/application_controller.rb:9
  [1m[36mCACHE User Load (0.0ms)[0m  [1m[34mSELECT  "users".* FROM "users" WHERE "users"."session_token" = $1 LIMIT $2[0m  [["session_token", "niVPNcRZeSkOxe7oxurrOQ"], ["LIMIT", 1]]
  ↳ app/controllers/application_controller.rb:9
Completed 404 Not Found in 144654ms (Views: 0.4ms | ActiveRecord: 0.9ms)


Started GET "/" for 127.0.0.1 at 2018-11-09 17:14:12 -0500
Processing by StaticPagesController#root as HTML
  Rendering static_pages/root.html.erb within layouts/application
  Rendered static_pages/root.html.erb within layouts/application (0.6ms)
Completed 200 OK in 31ms (Views: 27.9ms | ActiveRecord: 0.0ms)


Started POST "/api/session" for 127.0.0.1 at 2018-11-09 17:14:14 -0500
Processing by Api::SessionsController#create as JSON
  Parameters: {"user"=>{"username"=>"gregory", "password"=>"[FILTERED]"}}
  [1m[36mUser Load (0.5ms)[0m  [1m[34mSELECT  "users".* FROM "users" WHERE "users"."username" = $1 LIMIT $2[0m  [["username", "gregory"], ["LIMIT", 1]]
  ↳ app/models/user.rb:23
  [1m[35m (0.2ms)[0m  [1m[35mBEGIN[0m
  ↳ app/models/user.rb:43
  [1m[36mUser Exists (1.2ms)[0m  [1m[34mSELECT  1 AS one FROM "users" WHERE "users"."username" = $1 AND "users"."id" != $2 LIMIT $3[0m  [["username", "gregory"], ["id", 2], ["LIMIT", 1]]
  ↳ app/models/user.rb:43
  [1m[36mUser Exists (0.7ms)[0m  [1m[34mSELECT  1 AS one FROM "users" WHERE "users"."session_token" = $1 AND "users"."id" != $2 LIMIT $3[0m  [["session_token", "d2F8H55LeIZWew5q0yyyxw"], ["id", 2], ["LIMIT", 1]]
  ↳ app/models/user.rb:43
  [1m[35m (0.7ms)[0m  [1m[35mCOMMIT[0m
  ↳ app/models/user.rb:43
  Rendering api/users/show.json.jbuilder
  Rendered api/users/_show.json.jbuilder (0.6ms)
  Rendered api/users/show.json.jbuilder (2.2ms)
Completed 200 OK in 158ms (Views: 20.2ms | ActiveRecord: 14.2ms)


Started DELETE "/api/session" for 127.0.0.1 at 2018-11-09 17:14:20 -0500
Processing by Api::SessionsController#destroy as JSON
  [1m[36mUser Load (0.9ms)[0m  [1m[34mSELECT  "users".* FROM "users" WHERE "users"."session_token" = $1 LIMIT $2[0m  [["session_token", "DDJkZwuWhQzm9G1f7LRqOQ"], ["LIMIT", 1]]
  ↳ app/controllers/application_controller.rb:9
  [1m[36mCACHE User Load (0.1ms)[0m  [1m[34mSELECT  "users".* FROM "users" WHERE "users"."session_token" = $1 LIMIT $2[0m  [["session_token", "DDJkZwuWhQzm9G1f7LRqOQ"], ["LIMIT", 1]]
  ↳ app/controllers/application_controller.rb:9
Completed 404 Not Found in 166284ms (Views: 0.7ms | ActiveRecord: 1.0ms)


Started GET "/" for 127.0.0.1 at 2018-11-09 17:17:06 -0500
Processing by StaticPagesController#root as HTML
  Rendering static_pages/root.html.erb within layouts/application
  Rendered static_pages/root.html.erb within layouts/application (0.9ms)
Completed 200 OK in 262ms (Views: 258.6ms | ActiveRecord: 0.0ms)


Started POST "/api/session" for 127.0.0.1 at 2018-11-09 17:17:12 -0500
Processing by Api::SessionsController#create as JSON
  Parameters: {"user"=>{"username"=>"gregory", "password"=>"[FILTERED]"}}
  [1m[36mUser Load (0.8ms)[0m  [1m[34mSELECT  "users".* FROM "users" WHERE "users"."username" = $1 LIMIT $2[0m  [["username", "gregory"], ["LIMIT", 1]]
  ↳ app/models/user.rb:23
  [1m[35m (1.4ms)[0m  [1m[35mBEGIN[0m
  ↳ app/models/user.rb:30
  [1m[36mUser Exists (0.8ms)[0m  [1m[34mSELECT  1 AS one FROM "users" WHERE "users"."username" = $1 AND "users"."id" != $2 LIMIT $3[0m  [["username", "gregory"], ["id", 2], ["LIMIT", 1]]
  ↳ app/models/user.rb:30
  [1m[36mUser Exists (0.8ms)[0m  [1m[34mSELECT  1 AS one FROM "users" WHERE "users"."session_token" = $1 AND "users"."id" != $2 LIMIT $3[0m  [["session_token", "22heFLvBL3jAItqeoOekdQ"], ["id", 2], ["LIMIT", 1]]
  ↳ app/models/user.rb:30
  [1m[36mUser Update (20.8ms)[0m  [1m[33mUPDATE "users" SET "session_token" = $1, "updated_at" = $2 WHERE "users"."id" = $3[0m  [["session_token", "22heFLvBL3jAItqeoOekdQ"], ["updated_at", "2018-11-09 22:17:12.893392"], ["id", 2]]
  ↳ app/models/user.rb:30
  [1m[35m (20.5ms)[0m  [1m[35mCOMMIT[0m
  ↳ app/models/user.rb:30
  Rendering api/users/show.json.jbuilder
  Rendered api/users/_show.json.jbuilder (0.3ms)
  Rendered api/users/show.json.jbuilder (2.0ms)
Completed 200 OK in 199ms (Views: 14.0ms | ActiveRecord: 56.3ms)


Started DELETE "/api/session" for 127.0.0.1 at 2018-11-09 17:17:15 -0500
Processing by Api::SessionsController#destroy as JSON
  [1m[36mUser Load (0.5ms)[0m  [1m[34mSELECT  "users".* FROM "users" WHERE "users"."session_token" = $1 LIMIT $2[0m  [["session_token", "22heFLvBL3jAItqeoOekdQ"], ["LIMIT", 1]]
  ↳ app/controllers/application_controller.rb:9
  [1m[35m (0.2ms)[0m  [1m[35mBEGIN[0m
  ↳ app/models/user.rb:30
  [1m[36mUser Exists (0.6ms)[0m  [1m[34mSELECT  1 AS one FROM "users" WHERE "users"."username" = $1 AND "users"."id" != $2 LIMIT $3[0m  [["username", "gregory"], ["id", 2], ["LIMIT", 1]]
  ↳ app/models/user.rb:30
  [1m[36mUser Exists (0.8ms)[0m  [1m[34mSELECT  1 AS one FROM "users" WHERE "users"."session_token" = $1 AND "users"."id" != $2 LIMIT $3[0m  [["session_token", "dPU_bmhSNl9nhluhcJP4vg"], ["id", 2], ["LIMIT", 1]]
  ↳ app/models/user.rb:30
  [1m[36mUser Update (0.7ms)[0m  [1m[33mUPDATE "users" SET "session_token" = $1, "updated_at" = $2 WHERE "users"."id" = $3[0m  [["session_token", "dPU_bmhSNl9nhluhcJP4vg"], ["updated_at", "2018-11-09 22:17:15.576364"], ["id", 2]]
  ↳ app/models/user.rb:30
  [1m[35m (1.6ms)[0m  [1m[35mCOMMIT[0m
  ↳ app/models/user.rb:30
Completed 200 OK in 14ms (Views: 0.3ms | ActiveRecord: 4.5ms)


Started GET "/" for 127.0.0.1 at 2018-11-12 14:56:53 -0500
Started GET "/" for 127.0.0.1 at 2018-11-12 14:56:53 -0500
  [1m[35m (14.7ms)[0m  [1m[34mSELECT "schema_migrations"."version" FROM "schema_migrations" ORDER BY "schema_migrations"."version" ASC[0m
  [1m[35m (14.6ms)[0m  [1m[34mSELECT "schema_migrations"."version" FROM "schema_migrations" ORDER BY "schema_migrations"."version" ASC[0m
  ↳ /usr/local/var/rbenv/versions/2.5.1/lib/ruby/gems/2.5.0/gems/activerecord-5.2.1/lib/active_record/log_subscriber.rb:98

ActiveRecord::PendingMigrationError - Migrations are pending. To resolve this issue, run:

        bin/rails db:migrate RAILS_ENV=development

:

  ↳ /usr/local/var/rbenv/versions/2.5.1/lib/ruby/gems/2.5.0/gems/activerecord-5.2.1/lib/active_record/log_subscriber.rb:98

ActiveRecord::PendingMigrationError - Migrations are pending. To resolve this issue, run:

        bin/rails db:migrate RAILS_ENV=development

:

Started POST "/__better_errors/5444af979beb0b6e/variables" for 127.0.0.1 at 2018-11-12 14:56:59 -0500
Started GET "/" for 127.0.0.1 at 2018-11-12 14:56:59 -0500
  [1m[35m (19.4ms)[0m  [1m[34mSELECT "schema_migrations"."version" FROM "schema_migrations" ORDER BY "schema_migrations"."version" ASC[0m
  ↳ /usr/local/var/rbenv/versions/2.5.1/lib/ruby/gems/2.5.0/gems/activerecord-5.2.1/lib/active_record/log_subscriber.rb:98

ActiveRecord::PendingMigrationError - Migrations are pending. To resolve this issue, run:

        bin/rails db:migrate RAILS_ENV=development

:

Started POST "/__better_errors/08202f341e68d241/variables" for 127.0.0.1 at 2018-11-12 14:56:59 -0500
Started GET "/" for 127.0.0.1 at 2018-11-12 14:57:04 -0500
  [1m[35m (0.5ms)[0m  [1m[34mSELECT "schema_migrations"."version" FROM "schema_migrations" ORDER BY "schema_migrations"."version" ASC[0m
  ↳ /usr/local/var/rbenv/versions/2.5.1/lib/ruby/gems/2.5.0/gems/activerecord-5.2.1/lib/active_record/log_subscriber.rb:98

ActiveRecord::PendingMigrationError - Migrations are pending. To resolve this issue, run:

        bin/rails db:migrate RAILS_ENV=development

:

Started POST "/__better_errors/7e6defb5b846ef5e/variables" for 127.0.0.1 at 2018-11-12 14:57:04 -0500
  [1m[35m (23.9ms)[0m  [1m[35mCREATE DATABASE "bench_bnb_development" ENCODING = 'unicode'[0m
  ↳ bin/rails:9
  [1m[35m (3.4ms)[0m  [1m[35mCREATE DATABASE "bench_bnb_test" ENCODING = 'unicode'[0m
  ↳ bin/rails:9
  [1m[35m (1.4ms)[0m  [1m[34mSELECT "schema_migrations"."version" FROM "schema_migrations" ORDER BY "schema_migrations"."version" ASC[0m
  ↳ bin/rails:9
  [1m[35m (1.2ms)[0m  [1m[34mSELECT "ar_internal_metadata"."value" FROM "ar_internal_metadata" WHERE "ar_internal_metadata"."key" = $1[0m  [["key", "environment"]]
  ↳ bin/rails:9
  [1m[35m (1.2ms)[0m  [1m[34mSELECT "schema_migrations"."version" FROM "schema_migrations" ORDER BY "schema_migrations"."version" ASC[0m
  ↳ bin/rails:9
  [1m[35m (0.7ms)[0m  [1m[34mSELECT "ar_internal_metadata"."value" FROM "ar_internal_metadata" WHERE "ar_internal_metadata"."key" = $1[0m  [["key", "environment"]]
  ↳ bin/rails:9
  [1m[35m (0.6ms)[0m  [1m[34mSELECT "schema_migrations"."version" FROM "schema_migrations" ORDER BY "schema_migrations"."version" ASC[0m
  ↳ bin/rails:9
  [1m[35m (0.4ms)[0m  [1m[34mSELECT "ar_internal_metadata"."value" FROM "ar_internal_metadata" WHERE "ar_internal_metadata"."key" = $1[0m  [["key", "environment"]]
  ↳ bin/rails:9
  [1m[35mSQL (3.8ms)[0m  [1m[35mCREATE EXTENSION IF NOT EXISTS "plpgsql"[0m
  ↳ db/schema.rb:16
  [1m[35m (48.1ms)[0m  [1m[35mDROP TABLE IF EXISTS "users" CASCADE[0m
  ↳ db/schema.rb:18
  [1m[35m (10.4ms)[0m  [1m[35mCREATE TABLE "users" ("id" bigserial primary key, "username" character varying NOT NULL, "password_digest" character varying NOT NULL, "session_token" character varying NOT NULL, "created_at" timestamp NOT NULL, "updated_at" timestamp NOT NULL)[0m
  ↳ db/schema.rb:18
  [1m[35m (18.2ms)[0m  [1m[35mCREATE UNIQUE INDEX  "index_users_on_session_token" ON "users"  ("session_token")[0m
  ↳ db/schema.rb:18
  [1m[35m (1.8ms)[0m  [1m[35mCREATE UNIQUE INDEX  "index_users_on_username" ON "users"  ("username")[0m
  ↳ db/schema.rb:18
  [1m[35m (1.4ms)[0m  [1m[34mSELECT "schema_migrations"."version" FROM "schema_migrations" ORDER BY "schema_migrations"."version" ASC[0m
  ↳ db/schema.rb:13
  [1m[35m (1.0ms)[0m  [1m[32mINSERT INTO "schema_migrations" (version) VALUES (20181109194512)[0m
  ↳ db/schema.rb:13
  [1m[36mActiveRecord::InternalMetadata Load (18.5ms)[0m  [1m[34mSELECT  "ar_internal_metadata".* FROM "ar_internal_metadata" WHERE "ar_internal_metadata"."key" = $1 LIMIT $2[0m  [["key", "environment"], ["LIMIT", 1]]
  ↳ db/schema.rb:13
  [1m[35m (0.4ms)[0m  [1m[35mBEGIN[0m
  ↳ db/schema.rb:13
  [1m[35m (0.3ms)[0m  [1m[35mCOMMIT[0m
  ↳ db/schema.rb:13
  [1m[36mActiveRecord::InternalMetadata Load (0.6ms)[0m  [1m[34mSELECT  "ar_internal_metadata".* FROM "ar_internal_metadata" WHERE "ar_internal_metadata"."key" = $1 LIMIT $2[0m  [["key", "environment"], ["LIMIT", 1]]
  ↳ bin/rails:9
  [1m[35m (0.2ms)[0m  [1m[35mBEGIN[0m
  ↳ bin/rails:9
  [1m[35m (0.1ms)[0m  [1m[35mCOMMIT[0m
  ↳ bin/rails:9
  [1m[35mSQL (13.3ms)[0m  [1m[35mCREATE EXTENSION IF NOT EXISTS "plpgsql"[0m
  ↳ db/schema.rb:16
  [1m[35m (0.3ms)[0m  [1m[35mDROP TABLE IF EXISTS "users" CASCADE[0m
  ↳ db/schema.rb:18
  [1m[35m (184.7ms)[0m  [1m[35mCREATE TABLE "users" ("id" bigserial primary key, "username" character varying NOT NULL, "password_digest" character varying NOT NULL, "session_token" character varying NOT NULL, "created_at" timestamp NOT NULL, "updated_at" timestamp NOT NULL)[0m
  ↳ db/schema.rb:18
  [1m[35m (2.6ms)[0m  [1m[35mCREATE UNIQUE INDEX  "index_users_on_session_token" ON "users"  ("session_token")[0m
  ↳ db/schema.rb:18
  [1m[35m (1.5ms)[0m  [1m[35mCREATE UNIQUE INDEX  "index_users_on_username" ON "users"  ("username")[0m
  ↳ db/schema.rb:18
  [1m[35m (37.0ms)[0m  [1m[35mCREATE TABLE "schema_migrations" ("version" character varying NOT NULL PRIMARY KEY)[0m
  ↳ db/schema.rb:13
  [1m[35m (1.5ms)[0m  [1m[34mSELECT "schema_migrations"."version" FROM "schema_migrations" ORDER BY "schema_migrations"."version" ASC[0m
  ↳ db/schema.rb:13
  [1m[35m (1.0ms)[0m  [1m[32mINSERT INTO "schema_migrations" (version) VALUES (20181109194512)[0m
  ↳ db/schema.rb:13
  [1m[35m (24.5ms)[0m  [1m[35mCREATE TABLE "ar_internal_metadata" ("key" character varying NOT NULL PRIMARY KEY, "value" character varying, "created_at" timestamp NOT NULL, "updated_at" timestamp NOT NULL)[0m
  ↳ db/schema.rb:13
  [1m[36mActiveRecord::InternalMetadata Load (1.0ms)[0m  [1m[34mSELECT  "ar_internal_metadata".* FROM "ar_internal_metadata" WHERE "ar_internal_metadata"."key" = $1 LIMIT $2[0m  [["key", "environment"], ["LIMIT", 1]]
  ↳ db/schema.rb:13
  [1m[35m (0.2ms)[0m  [1m[35mBEGIN[0m
  ↳ db/schema.rb:13
  [1m[36mActiveRecord::InternalMetadata Create (5.6ms)[0m  [1m[32mINSERT INTO "ar_internal_metadata" ("key", "value", "created_at", "updated_at") VALUES ($1, $2, $3, $4) RETURNING "key"[0m  [["key", "environment"], ["value", "development"], ["created_at", "2018-11-12 19:57:42.656046"], ["updated_at", "2018-11-12 19:57:42.656046"]]
  ↳ db/schema.rb:13
  [1m[35m (0.9ms)[0m  [1m[35mCOMMIT[0m
  ↳ db/schema.rb:13
  [1m[36mActiveRecord::InternalMetadata Load (0.5ms)[0m  [1m[34mSELECT  "ar_internal_metadata".* FROM "ar_internal_metadata" WHERE "ar_internal_metadata"."key" = $1 LIMIT $2[0m  [["key", "environment"], ["LIMIT", 1]]
  ↳ bin/rails:9
  [1m[35m (0.2ms)[0m  [1m[35mBEGIN[0m
  ↳ bin/rails:9
  [1m[36mActiveRecord::InternalMetadata Update (0.5ms)[0m  [1m[33mUPDATE "ar_internal_metadata" SET "value" = $1, "updated_at" = $2 WHERE "ar_internal_metadata"."key" = $3[0m  [["value", "test"], ["updated_at", "2018-11-12 19:57:42.668828"], ["key", "environment"]]
  ↳ bin/rails:9
  [1m[35m (0.6ms)[0m  [1m[35mCOMMIT[0m
  ↳ bin/rails:9
  [1m[35m (1.1ms)[0m  [1m[34mSELECT "schema_migrations"."version" FROM "schema_migrations" ORDER BY "schema_migrations"."version" ASC[0m
  ↳ bin/rails:9
Started GET "/" for 127.0.0.1 at 2018-11-12 14:58:09 -0500
Started GET "/" for 127.0.0.1 at 2018-11-12 14:58:34 -0500
  [1m[35m (2.0ms)[0m  [1m[34mSELECT "schema_migrations"."version" FROM "schema_migrations" ORDER BY "schema_migrations"."version" ASC[0m
  ↳ /usr/local/var/rbenv/versions/2.5.1/lib/ruby/gems/2.5.0/gems/activerecord-5.2.1/lib/active_record/log_subscriber.rb:98
Processing by StaticPagesController#root as HTML
  Rendering static_pages/root.html.erb within layouts/application
  Rendered static_pages/root.html.erb within layouts/application (33.3ms)
Completed 200 OK in 2538ms (Views: 2535.0ms | ActiveRecord: 0.0ms)


Started GET "/" for 127.0.0.1 at 2018-11-12 14:59:55 -0500
Processing by StaticPagesController#root as HTML
  Rendering static_pages/root.html.erb within layouts/application
  Rendered static_pages/root.html.erb within layouts/application (0.4ms)
Completed 200 OK in 23ms (Views: 20.9ms | ActiveRecord: 0.0ms)


Started GET "/" for 127.0.0.1 at 2018-11-12 15:01:00 -0500
Processing by StaticPagesController#root as HTML
  Rendering static_pages/root.html.erb within layouts/application
  Rendered static_pages/root.html.erb within layouts/application (0.5ms)
Completed 200 OK in 30ms (Views: 27.9ms | ActiveRecord: 0.0ms)


Started GET "/" for 127.0.0.1 at 2018-11-12 15:02:25 -0500
Processing by StaticPagesController#root as HTML
  Rendering static_pages/root.html.erb within layouts/application
  Rendered static_pages/root.html.erb within layouts/application (0.5ms)
Completed 200 OK in 505ms (Views: 502.2ms | ActiveRecord: 0.0ms)


Started GET "/" for 127.0.0.1 at 2018-11-12 15:04:14 -0500
Processing by StaticPagesController#root as HTML
  Rendering static_pages/root.html.erb within layouts/application
  Rendered static_pages/root.html.erb within layouts/application (0.4ms)
Completed 200 OK in 1480ms (Views: 1451.3ms | ActiveRecord: 0.0ms)


Started GET "/" for 127.0.0.1 at 2018-11-12 15:12:39 -0500
Processing by StaticPagesController#root as HTML
  Rendering static_pages/root.html.erb within layouts/application
  Rendered static_pages/root.html.erb within layouts/application (0.4ms)
Completed 200 OK in 869ms (Views: 867.2ms | ActiveRecord: 0.0ms)


Started GET "/" for 127.0.0.1 at 2018-11-12 15:28:08 -0500
Processing by StaticPagesController#root as HTML
  Rendering static_pages/root.html.erb within layouts/application
  Rendered static_pages/root.html.erb within layouts/application (3.0ms)
Completed 200 OK in 921ms (Views: 892.3ms | ActiveRecord: 0.0ms)


Started GET "/" for 127.0.0.1 at 2018-11-12 15:29:06 -0500
Processing by StaticPagesController#root as HTML
  Rendering static_pages/root.html.erb within layouts/application
  Rendered static_pages/root.html.erb within layouts/application (0.6ms)
Completed 200 OK in 51ms (Views: 48.5ms | ActiveRecord: 0.0ms)


Started GET "/" for 127.0.0.1 at 2018-11-12 15:29:35 -0500
Processing by StaticPagesController#root as HTML
  Rendering static_pages/root.html.erb within layouts/application
  Rendered static_pages/root.html.erb within layouts/application (0.9ms)
Completed 200 OK in 91ms (Views: 87.3ms | ActiveRecord: 0.0ms)


  [1m[35m (0.3ms)[0m  [1m[35mBEGIN[0m
  [1m[36mUser Exists (3.2ms)[0m  [1m[34mSELECT  1 AS one FROM "users" WHERE "users"."username" = $1 LIMIT $2[0m  [["username", "username"], ["LIMIT", 1]]
  [1m[36mUser Exists (0.6ms)[0m  [1m[34mSELECT  1 AS one FROM "users" WHERE "users"."session_token" = $1 LIMIT $2[0m  [["session_token", "ptC_muRfQQz-38rerq1NlA"], ["LIMIT", 1]]
  [1m[36mUser Create (1.2ms)[0m  [1m[32mINSERT INTO "users" ("username", "password_digest", "session_token", "created_at", "updated_at") VALUES ($1, $2, $3, $4, $5) RETURNING "id"[0m  [["username", "username"], ["password_digest", "$2a$10$FjS3F6VpzhyVOxKCQcgXH.uHqqjRfTt5ED8FcY.gkNvgfYAlrfsAK"], ["session_token", "ptC_muRfQQz-38rerq1NlA"], ["created_at", "2018-11-12 20:30:10.946432"], ["updated_at", "2018-11-12 20:30:10.946432"]]
  [1m[35m (0.8ms)[0m  [1m[35mCOMMIT[0m
  [1m[36mUser Load (0.7ms)[0m  [1m[34mSELECT "users".* FROM "users"[0m
Started GET "/" for 127.0.0.1 at 2018-11-12 15:30:27 -0500
Processing by StaticPagesController#root as HTML
  Rendering static_pages/root.html.erb within layouts/application
  Rendered static_pages/root.html.erb within layouts/application (0.5ms)
Completed 200 OK in 194ms (Views: 123.9ms | ActiveRecord: 0.0ms)


Started POST "/api/session" for 127.0.0.1 at 2018-11-12 15:31:17 -0500
Processing by Api::SessionsController#create as JSON
  Parameters: {"user"=>{"username"=>"username", "password"=>"[FILTERED]"}}
  [1m[36mUser Load (1.2ms)[0m  [1m[34mSELECT  "users".* FROM "users" WHERE "users"."username" = $1 LIMIT $2[0m  [["username", "username"], ["LIMIT", 1]]
  ↳ app/models/user.rb:23
  [1m[35m (0.3ms)[0m  [1m[35mBEGIN[0m
  ↳ app/models/user.rb:30
  [1m[36mUser Exists (1.1ms)[0m  [1m[34mSELECT  1 AS one FROM "users" WHERE "users"."username" = $1 AND "users"."id" != $2 LIMIT $3[0m  [["username", "username"], ["id", 1], ["LIMIT", 1]]
  ↳ app/models/user.rb:30
  [1m[36mUser Exists (1.5ms)[0m  [1m[34mSELECT  1 AS one FROM "users" WHERE "users"."session_token" = $1 AND "users"."id" != $2 LIMIT $3[0m  [["session_token", "G6EksJ4G94OpZReGoilpiQ"], ["id", 1], ["LIMIT", 1]]
  ↳ app/models/user.rb:30
  [1m[36mUser Update (1.7ms)[0m  [1m[33mUPDATE "users" SET "session_token" = $1, "updated_at" = $2 WHERE "users"."id" = $3[0m  [["session_token", "G6EksJ4G94OpZReGoilpiQ"], ["updated_at", "2018-11-12 20:31:17.939286"], ["id", 1]]
  ↳ app/models/user.rb:30
  [1m[35m (1.2ms)[0m  [1m[35mCOMMIT[0m
  ↳ app/models/user.rb:30
Completed 500 Internal Server Error in 214ms (ActiveRecord: 18.0ms)



ActionView::MissingTemplate - Missing template api/sessions/show, application/show with {:locale=>[:en], :formats=>[:json], :variants=>[], :handlers=>[:raw, :erb, :html, :builder, :ruby, :coffee, :jbuilder]}. Searched in:
  * "/Users/appacademy/Desktop/W8D1/app/views"
:
  app/controllers/api/sessions_controller.rb:10:in `create'

Started GET "/" for 127.0.0.1 at 2018-11-12 15:33:53 -0500
Processing by StaticPagesController#root as HTML
  Rendering static_pages/root.html.erb within layouts/application
  Rendered static_pages/root.html.erb within layouts/application (1.3ms)
Completed 200 OK in 66ms (Views: 61.8ms | ActiveRecord: 0.0ms)


Started POST "/api/session" for 127.0.0.1 at 2018-11-12 15:33:59 -0500
Processing by Api::SessionsController#create as JSON
  Parameters: {"user"=>{"username"=>"username", "password"=>"[FILTERED]"}}
  [1m[36mUser Load (0.7ms)[0m  [1m[34mSELECT  "users".* FROM "users" WHERE "users"."username" = $1 LIMIT $2[0m  [["username", "username"], ["LIMIT", 1]]
  ↳ app/models/user.rb:23
  [1m[35m (0.2ms)[0m  [1m[35mBEGIN[0m
  ↳ app/models/user.rb:30
  [1m[36mUser Exists (0.8ms)[0m  [1m[34mSELECT  1 AS one FROM "users" WHERE "users"."username" = $1 AND "users"."id" != $2 LIMIT $3[0m  [["username", "username"], ["id", 1], ["LIMIT", 1]]
  ↳ app/models/user.rb:30
  [1m[36mUser Exists (0.7ms)[0m  [1m[34mSELECT  1 AS one FROM "users" WHERE "users"."session_token" = $1 AND "users"."id" != $2 LIMIT $3[0m  [["session_token", "5Kq1VkEjB1QriCcyioXS8A"], ["id", 1], ["LIMIT", 1]]
  ↳ app/models/user.rb:30
  [1m[36mUser Update (0.7ms)[0m  [1m[33mUPDATE "users" SET "session_token" = $1, "updated_at" = $2 WHERE "users"."id" = $3[0m  [["session_token", "5Kq1VkEjB1QriCcyioXS8A"], ["updated_at", "2018-11-12 20:33:59.272014"], ["id", 1]]
  ↳ app/models/user.rb:30
  [1m[35m (0.6ms)[0m  [1m[35mCOMMIT[0m
  ↳ app/models/user.rb:30
  Rendering api/users/show.json.jbuilder
  Rendered api/users/_show.json.jbuilder (0.4ms)
  Rendered api/users/show.json.jbuilder (91.9ms)
Completed 200 OK in 261ms (Views: 122.8ms | ActiveRecord: 11.4ms)


Started GET "/" for 127.0.0.1 at 2018-11-12 15:34:37 -0500
Processing by StaticPagesController#root as HTML
  Rendering static_pages/root.html.erb within layouts/application
  Rendered static_pages/root.html.erb within layouts/application (0.5ms)
Completed 200 OK in 479ms (Views: 476.4ms | ActiveRecord: 0.0ms)


Started POST "/api/session" for 127.0.0.1 at 2018-11-12 15:34:43 -0500
Processing by Api::SessionsController#create as JSON
  Parameters: {"user"=>{"username"=>"username", "password"=>"[FILTERED]"}}
  [1m[36mUser Load (0.7ms)[0m  [1m[34mSELECT  "users".* FROM "users" WHERE "users"."username" = $1 LIMIT $2[0m  [["username", "username"], ["LIMIT", 1]]
  ↳ app/models/user.rb:23
  [1m[35m (0.2ms)[0m  [1m[35mBEGIN[0m
  ↳ app/models/user.rb:30
  [1m[36mUser Exists (0.7ms)[0m  [1m[34mSELECT  1 AS one FROM "users" WHERE "users"."username" = $1 AND "users"."id" != $2 LIMIT $3[0m  [["username", "username"], ["id", 1], ["LIMIT", 1]]
  ↳ app/models/user.rb:30
  [1m[36mUser Exists (0.5ms)[0m  [1m[34mSELECT  1 AS one FROM "users" WHERE "users"."session_token" = $1 AND "users"."id" != $2 LIMIT $3[0m  [["session_token", "JpeTOuJU6IG76n_vDCPHgA"], ["id", 1], ["LIMIT", 1]]
  ↳ app/models/user.rb:30
  [1m[36mUser Update (0.6ms)[0m  [1m[33mUPDATE "users" SET "session_token" = $1, "updated_at" = $2 WHERE "users"."id" = $3[0m  [["session_token", "JpeTOuJU6IG76n_vDCPHgA"], ["updated_at", "2018-11-12 20:34:43.759820"], ["id", 1]]
  ↳ app/models/user.rb:30
  [1m[35m (0.5ms)[0m  [1m[35mCOMMIT[0m
  ↳ app/models/user.rb:30
  Rendering api/users/show.json.jbuilder
  Rendered api/users/_show.json.jbuilder (0.5ms)
  Rendered api/users/show.json.jbuilder (2.5ms)
Completed 200 OK in 119ms (Views: 29.2ms | ActiveRecord: 3.3ms)


Started GET "/" for 127.0.0.1 at 2018-11-12 15:36:10 -0500
Processing by StaticPagesController#root as HTML
  Rendering static_pages/root.html.erb within layouts/application
  Rendered static_pages/root.html.erb within layouts/application (0.7ms)
Completed 200 OK in 579ms (Views: 575.9ms | ActiveRecord: 0.0ms)


Started POST "/api/session" for 127.0.0.1 at 2018-11-12 15:36:15 -0500
Processing by Api::SessionsController#create as JSON
  Parameters: {"user"=>{"username"=>"username", "password"=>"[FILTERED]"}}
  [1m[36mUser Load (0.9ms)[0m  [1m[34mSELECT  "users".* FROM "users" WHERE "users"."username" = $1 LIMIT $2[0m  [["username", "username"], ["LIMIT", 1]]
  ↳ app/models/user.rb:23
  [1m[35m (0.3ms)[0m  [1m[35mBEGIN[0m
  ↳ app/models/user.rb:30
  [1m[36mUser Exists (0.6ms)[0m  [1m[34mSELECT  1 AS one FROM "users" WHERE "users"."username" = $1 AND "users"."id" != $2 LIMIT $3[0m  [["username", "username"], ["id", 1], ["LIMIT", 1]]
  ↳ app/models/user.rb:30
  [1m[36mUser Exists (0.9ms)[0m  [1m[34mSELECT  1 AS one FROM "users" WHERE "users"."session_token" = $1 AND "users"."id" != $2 LIMIT $3[0m  [["session_token", "jd8eXom2ClGN9HdI8go9ig"], ["id", 1], ["LIMIT", 1]]
  ↳ app/models/user.rb:30
  [1m[36mUser Update (0.7ms)[0m  [1m[33mUPDATE "users" SET "session_token" = $1, "updated_at" = $2 WHERE "users"."id" = $3[0m  [["session_token", "jd8eXom2ClGN9HdI8go9ig"], ["updated_at", "2018-11-12 20:36:15.787606"], ["id", 1]]
  ↳ app/models/user.rb:30
  [1m[35m (0.6ms)[0m  [1m[35mCOMMIT[0m
  ↳ app/models/user.rb:30
  Rendering api/users/show.json.jbuilder
  Rendered api/users/_show.json.jbuilder (0.5ms)
  Rendered api/users/show.json.jbuilder (2.2ms)
Completed 200 OK in 127ms (Views: 38.8ms | ActiveRecord: 4.1ms)


Started DELETE "/api/session" for 127.0.0.1 at 2018-11-12 15:36:25 -0500
Processing by Api::SessionsController#destroy as JSON
  [1m[36mUser Load (0.4ms)[0m  [1m[34mSELECT  "users".* FROM "users" WHERE "users"."session_token" = $1 LIMIT $2[0m  [["session_token", "jd8eXom2ClGN9HdI8go9ig"], ["LIMIT", 1]]
  ↳ app/controllers/application_controller.rb:9
  [1m[35m (0.2ms)[0m  [1m[35mBEGIN[0m
  ↳ app/models/user.rb:30
  [1m[36mUser Exists (0.5ms)[0m  [1m[34mSELECT  1 AS one FROM "users" WHERE "users"."username" = $1 AND "users"."id" != $2 LIMIT $3[0m  [["username", "username"], ["id", 1], ["LIMIT", 1]]
  ↳ app/models/user.rb:30
  [1m[36mUser Exists (0.5ms)[0m  [1m[34mSELECT  1 AS one FROM "users" WHERE "users"."session_token" = $1 AND "users"."id" != $2 LIMIT $3[0m  [["session_token", "8NIhMbbzaoratZoLVErBDw"], ["id", 1], ["LIMIT", 1]]
  ↳ app/models/user.rb:30
  [1m[36mUser Update (0.7ms)[0m  [1m[33mUPDATE "users" SET "session_token" = $1, "updated_at" = $2 WHERE "users"."id" = $3[0m  [["session_token", "8NIhMbbzaoratZoLVErBDw"], ["updated_at", "2018-11-12 20:36:25.919996"], ["id", 1]]
  ↳ app/models/user.rb:30
  [1m[35m (18.6ms)[0m  [1m[35mCOMMIT[0m
  ↳ app/models/user.rb:30
Completed 200 OK in 30ms (Views: 0.5ms | ActiveRecord: 20.9ms)


Started GET "/" for 127.0.0.1 at 2018-11-12 16:31:01 -0500
Processing by StaticPagesController#root as HTML
  Rendering static_pages/root.html.erb within layouts/application
  Rendered static_pages/root.html.erb within layouts/application (1.1ms)
Completed 200 OK in 689ms (Views: 686.4ms | ActiveRecord: 0.0ms)


Started GET "/" for 127.0.0.1 at 2018-11-12 16:31:39 -0500
Processing by StaticPagesController#root as HTML
  Rendering static_pages/root.html.erb within layouts/application
  Rendered static_pages/root.html.erb within layouts/application (1.0ms)
Completed 200 OK in 863ms (Views: 860.1ms | ActiveRecord: 0.0ms)


Started GET "/" for 127.0.0.1 at 2018-11-12 16:32:27 -0500
Processing by StaticPagesController#root as HTML
  Rendering static_pages/root.html.erb within layouts/application
  Rendered static_pages/root.html.erb within layouts/application (0.5ms)
Completed 200 OK in 40ms (Views: 37.6ms | ActiveRecord: 0.0ms)


Started GET "/" for 127.0.0.1 at 2018-11-12 16:32:48 -0500
Processing by StaticPagesController#root as HTML
  Rendering static_pages/root.html.erb within layouts/application
  Rendered static_pages/root.html.erb within layouts/application (0.6ms)
Completed 200 OK in 49ms (Views: 44.9ms | ActiveRecord: 0.0ms)


Started GET "/" for 127.0.0.1 at 2018-11-12 16:33:01 -0500
Processing by StaticPagesController#root as HTML
  Rendering static_pages/root.html.erb within layouts/application
  Rendered static_pages/root.html.erb within layouts/application (0.6ms)
Completed 200 OK in 709ms (Views: 705.5ms | ActiveRecord: 0.0ms)


Started GET "/" for 127.0.0.1 at 2018-11-12 16:33:23 -0500
Processing by StaticPagesController#root as HTML
  Rendering static_pages/root.html.erb within layouts/application
  Rendered static_pages/root.html.erb within layouts/application (0.4ms)
Completed 200 OK in 575ms (Views: 559.3ms | ActiveRecord: 0.0ms)


Started GET "/" for 127.0.0.1 at 2018-11-12 16:33:30 -0500
Processing by StaticPagesController#root as HTML
  Rendering static_pages/root.html.erb within layouts/application
  Rendered static_pages/root.html.erb within layouts/application (0.9ms)
Completed 200 OK in 34ms (Views: 32.0ms | ActiveRecord: 0.0ms)


Started GET "/" for 127.0.0.1 at 2018-11-12 16:34:28 -0500
Processing by StaticPagesController#root as HTML
  Rendering static_pages/root.html.erb within layouts/application
  Rendered static_pages/root.html.erb within layouts/application (0.6ms)
Completed 200 OK in 50ms (Views: 43.1ms | ActiveRecord: 0.0ms)


Started GET "/" for 127.0.0.1 at 2018-11-12 16:39:10 -0500
Processing by StaticPagesController#root as HTML
  Rendering static_pages/root.html.erb within layouts/application
  Rendered static_pages/root.html.erb within layouts/application (1.0ms)
Completed 200 OK in 37ms (Views: 34.5ms | ActiveRecord: 0.0ms)


